#
# A fatal error has been detected by the Java Runtime Environment:
#
#  EXCEPTION_ACCESS_VIOLATION (0xc0000005) at pc=0x00007ff9b2a2e97d, pid=11088, tid=15948
#
# JRE version: Java(TM) SE Runtime Environment (17.0.12+8) (build 17.0.12+8-LTS-286)
# Java VM: Java HotSpot(TM) 64-Bit Server VM (17.0.12+8-LTS-286, mixed mode, emulated-client, sharing, tiered, compressed oops, compressed class ptrs, g1 gc, windows-amd64)
# Problematic frame:
# C  [jniortools.dll+0x7be97d]
#
# No core dump will be written. Minidumps are not enabled by default on client versions of Windows
#
# If you would like to submit a bug report, please visit:
#   https://bugreport.java.com/bugreport/crash.jsp
# The crash happened outside the Java Virtual Machine in native code.
# See problematic frame for where to report the bug.
#

---------------  S U M M A R Y ------------

Command Line: -XX:TieredStopAtLevel=1 -Dspring.output.ansi.enabled=always -Dcom.sun.management.jmxremote -Dspring.jmx.enabled=true -Dspring.liveBeansView.mbeanDomain -Dspring.application.admin.enabled=true -Dmanagement.endpoints.jmx.exposure.include=* -javaagent:D:\IntelliJ IDEA 2024.2.4\lib\idea_rt.jar=51592:D:\IntelliJ IDEA 2024.2.4\bin -Dfile.encoding=UTF-8 com.example.routeplanner.RouteplannerApplication

Host: AMD Ryzen 5 5500U with Radeon Graphics         , 12 cores, 7G,  Windows 10 , 64 bit Build 19041 (10.0.19041.928)
Time: Sat Nov 30 15:55:55 2024 SE Asia Standard Time elapsed time: 39.171400 seconds (0d 0h 0m 39s)

---------------  T H R E A D  ---------------

Current thread (0x000001f9d64ce3e0):  JavaThread "http-nio-8080-exec-6" daemon [_thread_in_native, id=15948, stack(0x00000022a1400000,0x00000022a1500000)]

Stack: [0x00000022a1400000,0x00000022a1500000],  sp=0x00000022a14fca80,  free space=1010k
Native frames: (J=compiled Java code, j=interpreted, Vv=VM code, C=native code)
C  [jniortools.dll+0x7be97d]

Java frames: (J=compiled Java code, j=interpreted, Vv=VM code)
j  com.google.ortools.constraintsolver.mainJNI.Assignment_value(JLcom/google/ortools/constraintsolver/Assignment;JLcom/google/ortools/constraintsolver/IntVar;)J+0
j  com.google.ortools.constraintsolver.Assignment.value(Lcom/google/ortools/constraintsolver/IntVar;)J+10
j  com.example.routeplanner.service.OptimizeRouteService.getSolution(Lcom/google/ortools/constraintsolver/RoutingIndexManager;Lcom/google/ortools/constraintsolver/RoutingModel;Lcom/google/ortools/constraintsolver/Assignment;Ljava/util/List;I)Ljava/util/List;+165
j  com.example.routeplanner.service.OptimizeRouteService.optimizeRoute(Ljava/lang/String;Ljava/util/List;I)Ljava/util/List;+412
j  com.example.routeplanner.controller.OptimizeRouteController.optimizeRoute(Lcom/example/routeplanner/model/OptimizeRouteDTO;)Lorg/springframework/http/ResponseEntity;+15
v  ~StubRoutines::call_stub
J 3958  jdk.internal.reflect.NativeMethodAccessorImpl.invoke0(Ljava/lang/reflect/Method;Ljava/lang/Object;[Ljava/lang/Object;)Ljava/lang/Object; java.base@17.0.12 (0 bytes) @ 0x000001f9880aeea7 [0x000001f9880aee20+0x0000000000000087]
J 3957 c1 jdk.internal.reflect.NativeMethodAccessorImpl.invoke(Ljava/lang/Object;[Ljava/lang/Object;)Ljava/lang/Object; java.base@17.0.12 (137 bytes) @ 0x000001f9880af694 [0x000001f9880af380+0x0000000000000314]
J 3913 c1 jdk.internal.reflect.DelegatingMethodAccessorImpl.invoke(Ljava/lang/Object;[Ljava/lang/Object;)Ljava/lang/Object; java.base@17.0.12 (10 bytes) @ 0x000001f9880a4264 [0x000001f9880a4220+0x0000000000000044]
J 3931 c1 java.lang.reflect.Method.invoke(Ljava/lang/Object;[Ljava/lang/Object;)Ljava/lang/Object; java.base@17.0.12 (65 bytes) @ 0x000001f9880a92e4 [0x000001f9880a91e0+0x0000000000000104]
j  org.springframework.web.method.support.InvocableHandlerMethod.doInvoke([Ljava/lang/Object;)Ljava/lang/Object;+55
j  org.springframework.web.method.support.InvocableHandlerMethod.invokeForRequest(Lorg/springframework/web/context/request/NativeWebRequest;Lorg/springframework/web/method/support/ModelAndViewContainer;[Ljava/lang/Object;)Ljava/lang/Object;+82
j  org.springframework.web.servlet.mvc.method.annotation.ServletInvocableHandlerMethod.invokeAndHandle(Lorg/springframework/web/context/request/ServletWebRequest;Lorg/springframework/web/method/support/ModelAndViewContainer;[Ljava/lang/Object;)V+4
j  org.springframework.web.servlet.mvc.method.annotation.RequestMappingHandlerAdapter.invokeHandlerMethod(Ljakarta/servlet/http/HttpServletRequest;Ljakarta/servlet/http/HttpServletResponse;Lorg/springframework/web/method/HandlerMethod;)Lorg/springframework/web/servlet/ModelAndView;+309
j  org.springframework.web.servlet.mvc.method.annotation.RequestMappingHandlerAdapter.handleInternal(Ljakarta/servlet/http/HttpServletRequest;Ljakarta/servlet/http/HttpServletResponse;Lorg/springframework/web/method/HandlerMethod;)Lorg/springframework/web/servlet/ModelAndView;+81
j  org.springframework.web.servlet.mvc.method.AbstractHandlerMethodAdapter.handle(Ljakarta/servlet/http/HttpServletRequest;Ljakarta/servlet/http/HttpServletResponse;Ljava/lang/Object;)Lorg/springframework/web/servlet/ModelAndView;+7
j  org.springframework.web.servlet.DispatcherServlet.doDispatch(Ljakarta/servlet/http/HttpServletRequest;Ljakarta/servlet/http/HttpServletResponse;)V+304
j  org.springframework.web.servlet.DispatcherServlet.doService(Ljakarta/servlet/http/HttpServletRequest;Ljakarta/servlet/http/HttpServletResponse;)V+242
j  org.springframework.web.servlet.FrameworkServlet.processRequest(Ljakarta/servlet/http/HttpServletRequest;Ljakarta/servlet/http/HttpServletResponse;)V+70
j  org.springframework.web.servlet.FrameworkServlet.doPost(Ljakarta/servlet/http/HttpServletRequest;Ljakarta/servlet/http/HttpServletResponse;)V+3
j  jakarta.servlet.http.HttpServlet.service(Ljakarta/servlet/http/HttpServletRequest;Ljakarta/servlet/http/HttpServletResponse;)V+150
j  org.springframework.web.servlet.FrameworkServlet.service(Ljakarta/servlet/http/HttpServletRequest;Ljakarta/servlet/http/HttpServletResponse;)V+20
j  jakarta.servlet.http.HttpServlet.service(Ljakarta/servlet/ServletRequest;Ljakarta/servlet/ServletResponse;)V+37
j  org.apache.catalina.core.ApplicationFilterChain.internalDoFilter(Ljakarta/servlet/ServletRequest;Ljakarta/servlet/ServletResponse;)V+300
j  org.apache.catalina.core.ApplicationFilterChain.doFilter(Ljakarta/servlet/ServletRequest;Ljakarta/servlet/ServletResponse;)V+99
j  org.apache.tomcat.websocket.server.WsFilter.doFilter(Ljakarta/servlet/ServletRequest;Ljakarta/servlet/ServletResponse;Ljakarta/servlet/FilterChain;)V+21
j  org.apache.catalina.core.ApplicationFilterChain.internalDoFilter(Ljakarta/servlet/ServletRequest;Ljakarta/servlet/ServletResponse;)V+130
j  org.apache.catalina.core.ApplicationFilterChain.doFilter(Ljakarta/servlet/ServletRequest;Ljakarta/servlet/ServletResponse;)V+99
j  org.springframework.web.filter.RequestContextFilter.doFilterInternal(Ljakarta/servlet/http/HttpServletRequest;Ljakarta/servlet/http/HttpServletResponse;Ljakarta/servlet/FilterChain;)V+21
j  org.springframework.web.filter.OncePerRequestFilter.doFilter(Ljakarta/servlet/ServletRequest;Ljakarta/servlet/ServletResponse;Ljakarta/servlet/FilterChain;)V+150
j  org.apache.catalina.core.ApplicationFilterChain.internalDoFilter(Ljakarta/servlet/ServletRequest;Ljakarta/servlet/ServletResponse;)V+130
j  org.apache.catalina.core.ApplicationFilterChain.doFilter(Ljakarta/servlet/ServletRequest;Ljakarta/servlet/ServletResponse;)V+99
j  org.springframework.web.filter.FormContentFilter.doFilterInternal(Ljakarta/servlet/http/HttpServletRequest;Ljakarta/servlet/http/HttpServletResponse;Ljakarta/servlet/FilterChain;)V+38
j  org.springframework.web.filter.OncePerRequestFilter.doFilter(Ljakarta/servlet/ServletRequest;Ljakarta/servlet/ServletResponse;Ljakarta/servlet/FilterChain;)V+150
j  org.apache.catalina.core.ApplicationFilterChain.internalDoFilter(Ljakarta/servlet/ServletRequest;Ljakarta/servlet/ServletResponse;)V+130
j  org.apache.catalina.core.ApplicationFilterChain.doFilter(Ljakarta/servlet/ServletRequest;Ljakarta/servlet/ServletResponse;)V+99
j  org.springframework.web.filter.CharacterEncodingFilter.doFilterInternal(Ljakarta/servlet/http/HttpServletRequest;Ljakarta/servlet/http/HttpServletResponse;Ljakarta/servlet/FilterChain;)V+53
j  org.springframework.web.filter.OncePerRequestFilter.doFilter(Ljakarta/servlet/ServletRequest;Ljakarta/servlet/ServletResponse;Ljakarta/servlet/FilterChain;)V+150
j  org.apache.catalina.core.ApplicationFilterChain.internalDoFilter(Ljakarta/servlet/ServletRequest;Ljakarta/servlet/ServletResponse;)V+130
j  org.apache.catalina.core.ApplicationFilterChain.doFilter(Ljakarta/servlet/ServletRequest;Ljakarta/servlet/ServletResponse;)V+99
j  org.apache.catalina.core.StandardWrapperValve.invoke(Lorg/apache/catalina/connector/Request;Lorg/apache/catalina/connector/Response;)V+514
j  org.apache.catalina.core.StandardContextValve.invoke(Lorg/apache/catalina/connector/Request;Lorg/apache/catalina/connector/Response;)V+169
j  org.apache.catalina.authenticator.AuthenticatorBase.invoke(Lorg/apache/catalina/connector/Request;Lorg/apache/catalina/connector/Response;)V+221
j  org.apache.catalina.core.StandardHostValve.invoke(Lorg/apache/catalina/connector/Request;Lorg/apache/catalina/connector/Response;)V+131
j  org.apache.catalina.valves.ErrorReportValve.invoke(Lorg/apache/catalina/connector/Request;Lorg/apache/catalina/connector/Response;)V+6
j  org.apache.catalina.core.StandardEngineValve.invoke(Lorg/apache/catalina/connector/Request;Lorg/apache/catalina/connector/Response;)V+59
j  org.apache.catalina.connector.CoyoteAdapter.service(Lorg/apache/coyote/Request;Lorg/apache/coyote/Response;)V+188
j  org.apache.coyote.http11.Http11Processor.service(Lorg/apache/tomcat/util/net/SocketWrapperBase;)Lorg/apache/tomcat/util/net/AbstractEndpoint$Handler$SocketState;+796
j  org.apache.coyote.AbstractProcessorLight.process(Lorg/apache/tomcat/util/net/SocketWrapperBase;Lorg/apache/tomcat/util/net/SocketEvent;)Lorg/apache/tomcat/util/net/AbstractEndpoint$Handler$SocketState;+155
j  org.apache.coyote.AbstractProtocol$ConnectionHandler.process(Lorg/apache/tomcat/util/net/SocketWrapperBase;Lorg/apache/tomcat/util/net/SocketEvent;)Lorg/apache/tomcat/util/net/AbstractEndpoint$Handler$SocketState;+482
j  org.apache.tomcat.util.net.NioEndpoint$SocketProcessor.doRun()V+249
j  org.apache.tomcat.util.net.SocketProcessorBase.run()V+32
j  org.apache.tomcat.util.threads.ThreadPoolExecutor.runWorker(Lorg/apache/tomcat/util/threads/ThreadPoolExecutor$Worker;)V+92
j  org.apache.tomcat.util.threads.ThreadPoolExecutor$Worker.run()V+5
j  org.apache.tomcat.util.threads.TaskThread$WrappingRunnable.run()V+4
j  java.lang.Thread.run()V+11 java.base@17.0.12
v  ~StubRoutines::call_stub

siginfo: EXCEPTION_ACCESS_VIOLATION (0xc0000005), reading address 0x0000000000000010


Registers:
RAX=0x0000000000000000, RBX=0x000001f9d4c7fb18, RCX=0x000001f9877f93b6, RDX=0x0000000000000000
RSP=0x00000022a14fca80, RBP=0x00000022a14fcb50, RSI=0x0000000040200021, RDI=0x000001f9877f9485
R8 =0x000000000000001d, R9 =0x9ddfea08eb382d69, R10=0x000001f9877fcf6e, R11=0x000000000000001f
R12=0x0000000000000000, R13=0x000001f9d4c7fb18, R14=0x00000022a14fcb98, R15=0x000001f9d64ce3e0
RIP=0x00007ff9b2a2e97d, EFLAGS=0x0000000000010202


Register to memory mapping:

RIP=0x00007ff9b2a2e97d jniortools.dll
RAX=0x0 is NULL
RBX={method} {0x000001f9d4c7fb20} 'Assignment_value' '(JLcom/google/ortools/constraintsolver/Assignment;JLcom/google/ortools/constraintsolver/IntVar;)J' in 'com/google/ortools/constraintsolver/mainJNI'
RCX=0x000001f9877f93b6 is at code_begin+822 in an Interpreter codelet
return entry points  [0x000001f9877f9080, 0x000001f9877f98a0]  2080 bytes
RDX=0x0 is NULL
RSP=0x00000022a14fca80 is pointing into the stack for thread: 0x000001f9d64ce3e0
RBP=0x00000022a14fcb50 is pointing into the stack for thread: 0x000001f9d64ce3e0
RSI=0x0000000040200021 is an unknown value
RDI=0x000001f9877f9485 is at code_begin+1029 in an Interpreter codelet
return entry points  [0x000001f9877f9080, 0x000001f9877f98a0]  2080 bytes
R8 =0x000000000000001d is an unknown value
R9 =0x9ddfea08eb382d69 is an unknown value
R10=0x000001f9877fcf6e is at code_begin+878 in an Interpreter codelet
method entry point (kind = native)  [0x000001f9877fcc00, 0x000001f9877fd540]  2368 bytes
R11=0x000000000000001f is an unknown value
R12=0x0 is NULL
R13={method} {0x000001f9d4c7fb20} 'Assignment_value' '(JLcom/google/ortools/constraintsolver/Assignment;JLcom/google/ortools/constraintsolver/IntVar;)J' in 'com/google/ortools/constraintsolver/mainJNI'
R14=0x00000022a14fcb98 is pointing into the stack for thread: 0x000001f9d64ce3e0
R15=0x000001f9d64ce3e0 is a thread


Top of Stack: (sp=0x00000022a14fca80)
0x00000022a14fca80:   000000008dd4c908 00000022a14fca88
0x00000022a14fca90:   000001f9d4c7fb18 00000022a14fcaf8
0x00000022a14fcaa0:   000001f9d4e801c8 000001f9877fcf9d
0x00000022a14fcab0:   000000008dd4c1c0 000001f9d4e7f3c8
0x00000022a14fcac0:   0000000000000000 00000022a14fcae0
0x00000022a14fcad0:   017465735f746361 00000022a14fcb70
0x00000022a14fcae0:   0000000000000000 017465735f746361
0x00000022a14fcaf0:   0000000000000000 000000008dd4c908
0x00000022a14fcb00:   00000022a14fcb00 00000022a14fcb08
0x00000022a14fcb10:   0000000000000000 00000022a14fcb98
0x00000022a14fcb20:   000001f9d4c42770 0000000000000000
0x00000022a14fcb30:   000000008e239ff0 000001f9d4c7fb18
0x00000022a14fcb40:   0000000000000000 00000022a14fcb70
0x00000022a14fcb50:   00000022a14fcbe8 000001f9877f9485
0x00000022a14fcb60:   000000008e239ff0 000001f9877fab96
0x00000022a14fcb70:   000000008dd4c908 017465735f746361 

Instructions: (pc=0x00007ff9b2a2e97d)
0x00007ff9b2a2e87d:   48 8b fa b9 30 00 00 00 e8 fa 1b be 00 48 89 44
0x00007ff9b2a2e88d:   24 40 48 85 c0 74 29 0f 57 c0 48 8d 0d 52 f6 cd
0x00007ff9b2a2e89d:   00 0f 11 40 08 48 c7 40 18 00 00 00 00 48 c7 40
0x00007ff9b2a2e8ad:   20 0f 00 00 00 c6 40 08 00 48 89 08 48 89 78 28
0x00007ff9b2a2e8bd:   48 8b d0 48 8b cb 48 8b 5c 24 30 48 83 c4 20 5f
0x00007ff9b2a2e8cd:   e9 ee 69 ff ff cc cc cc cc cc cc cc cc cc cc cc
0x00007ff9b2a2e8dd:   cc cc cc 48 89 5c 24 08 57 48 83 ec 20 48 8b d9
0x00007ff9b2a2e8ed:   48 8b fa b9 30 00 00 00 e8 8a 1b be 00 48 89 44
0x00007ff9b2a2e8fd:   24 40 48 85 c0 74 29 0f 57 c0 48 8d 0d 2a f6 cd
0x00007ff9b2a2e90d:   00 0f 11 40 08 48 c7 40 18 00 00 00 00 48 c7 40
0x00007ff9b2a2e91d:   20 0f 00 00 00 c6 40 08 00 48 89 08 48 89 78 28
0x00007ff9b2a2e92d:   48 8b d0 48 8b cb 48 8b 5c 24 30 48 83 c4 20 5f
0x00007ff9b2a2e93d:   e9 7e 69 ff ff cc cc cc cc cc cc cc cc cc cc cc
0x00007ff9b2a2e94d:   cc cc cc 48 83 ec 28 48 83 c1 10 e8 63 aa 87 ff
0x00007ff9b2a2e95d:   48 8b 40 18 48 83 c4 28 c3 cc cc cc cc cc cc cc
0x00007ff9b2a2e96d:   cc cc cc 48 83 ec 28 48 83 c1 10 e8 43 aa 87 ff
0x00007ff9b2a2e97d:   48 8b 40 10 48 83 c4 28 c3 cc cc cc cc cc cc cc
0x00007ff9b2a2e98d:   cc cc cc 48 89 5c 24 08 48 89 6c 24 10 48 89 74
0x00007ff9b2a2e99d:   24 18 57 48 83 ec 20 48 8b 71 28 48 8b 4e 08 e8
0x00007ff9b2a2e9ad:   3f 1d ff ff 48 8b 7e 18 48 8b 5e 10 48 3b df 74
0x00007ff9b2a2e9bd:   27 66 90 80 3b 00 74 17 48 8b 4b 08 48 85 c9 74
0x00007ff9b2a2e9cd:   0e 48 8b 01 4c 8b 43 18 48 8b 53 10 ff 50 48 48
0x00007ff9b2a2e9dd:   83 c3 20 48 3b df 75 db 48 8b 6e 50 48 8b 5e 48
0x00007ff9b2a2e9ed:   48 3b dd 74 6e 80 3b 00 74 60 48 8b 53 38 48 39
0x00007ff9b2a2e9fd:   53 40 75 13 48 8b 4b 48 48 85 d2 0f 95 c2 48 8b
0x00007ff9b2a2ea0d:   01 ff 90 08 01 00 00 48 83 7b 40 00 74 3c 48 8b
0x00007ff9b2a2ea1d:   4b 48 4c 8b 43 10 48 8b 53 08 48 8b 01 ff 50 40
0x00007ff9b2a2ea2d:   48 8b 4b 48 4c 8b 43 20 48 8b 53 18 48 8b 01 ff
0x00007ff9b2a2ea3d:   90 88 00 00 00 48 8b 4b 48 4c 8b 43 30 48 8b 53
0x00007ff9b2a2ea4d:   28 48 8b 01 ff 90 d0 00 00 00 48 83 c3 50 48 3b
0x00007ff9b2a2ea5d:   dd 75 92 48 8b be 88 00 00 00 48 8b 9e 80 00 00
0x00007ff9b2a2ea6d:   00 48 3b df 74 23 80 3b 00 74 15 48 8b 4b 08 4c 


Stack slot to memory mapping:
stack at sp + 0 slots: 0x000000008dd4c908 is an oop: com.google.ortools.constraintsolver.IntVar 
{0x000000008dd4c908} - klass: 'com/google/ortools/constraintsolver/IntVar'
 - ---- fields (total size 6 words):
 - protected transient 'swigCMemOwn' 'Z' @12  false
 - private transient 'swigCPtr' 'J' @16  104820237533471585 (5f746361 1746573)
 - private transient 'swigCPtr' 'J' @24  104820237533471585 (5f746361 1746573)
 - private transient 'swigCPtr' 'J' @32  104820237533471585 (5f746361 1746573)
 - private transient 'swigCPtr' 'J' @40  104820237533471585 (5f746361 1746573)
stack at sp + 1 slots: 0x00000022a14fca88 is pointing into the stack for thread: 0x000001f9d64ce3e0
stack at sp + 2 slots: {method} {0x000001f9d4c7fb20} 'Assignment_value' '(JLcom/google/ortools/constraintsolver/Assignment;JLcom/google/ortools/constraintsolver/IntVar;)J' in 'com/google/ortools/constraintsolver/mainJNI'
stack at sp + 3 slots: 0x00000022a14fcaf8 is pointing into the stack for thread: 0x000001f9d64ce3e0
stack at sp + 4 slots: 0x000001f9d4e801c8 is pointing into metadata
stack at sp + 5 slots: 0x000001f9877fcf9d is at code_begin+925 in an Interpreter codelet
method entry point (kind = native)  [0x000001f9877fcc00, 0x000001f9877fd540]  2368 bytes
stack at sp + 6 slots: 0x000000008dd4c1c0 is an oop: java.lang.Class 
{0x000000008dd4c1c0} - klass: 'java/lang/Class'
 - ---- fields (total size 14 words):
 - private volatile transient 'classRedefinedCount' 'I' @12  0
 - private volatile transient 'cachedConstructor' 'Ljava/lang/reflect/Constructor;' @40  NULL (0)
 - private transient 'name' 'Ljava/lang/String;' @44  "com.google.ortools.constraintsolver.IntExpr"{0x000000008dd4c240} (8dd4c240)
 - private transient 'module' 'Ljava/lang/Module;' @48  a 'java/lang/Module'{0x000000008a888fa0} (8a888fa0)
 - private final 'classLoader' 'Ljava/lang/ClassLoader;' @52  a 'jdk/internal/loader/ClassLoaders$AppClassLoader'{0x000000008a879128} (8a879128)
 - private transient 'classData' 'Ljava/lang/Object;' @56  NULL (0)
 - private transient 'packageName' 'Ljava/lang/String;' @60  "com.google.ortools.constraintsolver"{0x000000008bee1950} (8bee1950)
 - private final 'componentType' 'Ljava/lang/Class;' @64  NULL (0)
 - private volatile transient 'reflectionData' 'Ljava/lang/ref/SoftReference;' @68  NULL (0)
 - private volatile transient 'genericInfo' 'Lsun/reflect/generics/repository/ClassRepository;' @72  NULL (0)
 - private volatile transient 'enumConstants' '[Ljava/lang/Object;' @76  NULL (0)
 - private volatile transient 'enumConstantDirectory' 'Ljava/util/Map;' @80  NULL (0)
 - private volatile transient 'annotationData' 'Ljava/lang/Class$AnnotationData;' @84  NULL (0)
 - private volatile transient 'annotationType' 'Lsun/reflect/annotation/AnnotationType;' @88  NULL (0)
 - transient 'classValueMap' 'Ljava/lang/ClassValue$ClassValueMap;' @92  NULL (0)
 - signature: Lcom/google/ortools/constraintsolver/IntExpr;
 - fake entry for mirror: 'com/google/ortools/constraintsolver/IntExpr'
 - fake entry for array: NULL
 - fake entry for oop_size: 14
 - fake entry for static_oop_field_count: 0
stack at sp + 7 slots: {method} {0x000001f9d4e7f3d0} '<init>' '(JZ)V' in 'com/google/ortools/constraintsolver/IntExpr'


Compiled method (n/a)   39196 3958     n 0       jdk.internal.reflect.NativeMethodAccessorImpl::invoke0 (native)
 total in heap  [0x000001f9880aec90,0x000001f9880af128] = 1176
 relocation     [0x000001f9880aede8,0x000001f9880aee20] = 56
 main code      [0x000001f9880aee20,0x000001f9880af128] = 776

[Constant Pool (empty)]

[MachCode]
[Entry Point]
  # {method} {0x000001f9901c3a20} 'invoke0' '(Ljava/lang/reflect/Method;Ljava/lang/Object;[Ljava/lang/Object;)Ljava/lang/Object;' in 'jdk/internal/reflect/NativeMethodAccessorImpl'
  # parm0:    rdx:rdx   = 'java/lang/reflect/Method'
  # parm1:    r8:r8     = 'java/lang/Object'
  # parm2:    r9:r9     = '[Ljava/lang/Object;'
  #           [sp+0x80]  (sp of caller)
  0x000001f9880aee20: 448b 5208 | 49bb 0000 | 0090 f901 | 0000 4d03 | d349 3bc2 | 0f84 0600 

  0x000001f9880aee38: ;   {runtime_call ic_miss_stub}
  0x000001f9880aee38: 0000 e941 | dc78 ff90 
[Verified Entry Point]
  0x000001f9880aee40: 8984 2400 | 90ff ff55 | 488b ec48 | 83ec 704c | 894c 2438 | 4983 f900 | 488d 4424 | 3848 0f44 
  0x000001f9880aee60: 4424 3848 | 8944 2420 | 4c89 4424 | 3049 83f8 | 004c 8d4c | 2430 4c0f | 444c 2430 | 4889 5424 
  0x000001f9880aee80: 2848 83fa | 004c 8d44 | 2428 4c0f | 4444 2428 

  0x000001f9880aee90: ;   {oop(a 'java/lang/Class'{0x000000008a81fe68} = 'jdk/internal/reflect/NativeMethodAccessorImpl')}
  0x000001f9880aee90: 49be 68fe | 818a 0000 | 0000 4c89 | 7424 584c | 8d74 2458 | 498b d6c5 

  0x000001f9880aeea8: ;   {internal_word}
  0x000001f9880aeea8: f877 49ba | a7ee 0a88 | f901 0000 | 4d89 9798 | 0200 0049 | 89a7 9002 

  0x000001f9880aeec0: ;   {external_word}
  0x000001f9880aeec0: 0000 49ba | c890 99dc | f97f 0000 | 4180 3a00 | 0f84 5000 | 0000 5241 

  0x000001f9880aeed8: ;   {metadata({method} {0x000001f9901c3a20} 'invoke0' '(Ljava/lang/reflect/Method;Ljava/lang/Object;[Ljava/lang/Object;)Ljava/lang/Object;' in 'jdk/internal/reflect/NativeMethodAccessorImpl')}
  0x000001f9880aeed8: 5041 5148 | ba18 3a1c | 90f9 0100 | 0049 8bcf | 4883 ec20 | 40f6 c40f | 0f84 1a00 | 0000 4883 
  0x000001f9880aeef8: ;   {runtime_call}
  0x000001f9880aeef8: ec08 49ba | b001 57dc | f97f 0000 | 41ff d248 | 83c4 08e9 | 0d00 0000 

  0x000001f9880aef10: ;   {runtime_call}
  0x000001f9880aef10: 49ba b001 | 57dc f97f | 0000 41ff | d248 83c4 | 2041 5941 | 585a 498d | 8fb0 0200 | 0041 c787 
  0x000001f9880aef30: 4003 0000 | 0400 0000 

  0x000001f9880aef38: ;   {runtime_call}
  0x000001f9880aef38: 49ba b43e | c3dd f97f | 0000 41ff | d2c5 f877 | 41c7 8740 | 0300 0005 | 0000 00f0 | 8344 24c0 
  0x000001f9880aef58: 0049 3baf | 4803 0000 | 0f87 1100 | 0000 4181 | bf30 0300 | 0000 0000 | 000f 842c | 0000 00c5 
  0x000001f9880aef78: f877 4889 | 45f8 498b | cf4c 8be4 | 4883 ec20 | 4883 e4f0 

  0x000001f9880aef8c: ;   {runtime_call}
  0x000001f9880aef8c: 49ba a0b0 | 61dc f97f | 0000 41ff | d249 8be4 | 4d33 e448 | 8b45 f841 | c787 4003 | 0000 0800 
  0x000001f9880aefac: 0000 4181 | bfb0 0300 | 0002 0000 | 000f 8436 

  0x000001f9880aefbc: ;   {external_word}
  0x000001f9880aefbc: 0100 0049 | bac8 9099 | dcf9 7f00 | 0041 803a | 000f 844e | 0000 0048 

  0x000001f9880aefd4: ;   {metadata({method} {0x000001f9901c3a20} 'invoke0' '(Ljava/lang/reflect/Method;Ljava/lang/Object;[Ljava/lang/Object;)Ljava/lang/Object;' in 'jdk/internal/reflect/NativeMethodAccessorImpl')}
  0x000001f9880aefd4: 8945 f848 | ba18 3a1c | 90f9 0100 | 0049 8bcf | 4883 ec20 | 40f6 c40f | 0f84 1a00 | 0000 4883 
  0x000001f9880aeff4: ;   {runtime_call}
  0x000001f9880aeff4: ec08 49ba | b001 57dc | f97f 0000 | 41ff d248 | 83c4 08e9 | 0d00 0000 

  0x000001f9880af00c: ;   {runtime_call}
  0x000001f9880af00c: 49ba b001 | 57dc f97f | 0000 41ff | d248 83c4 | 2048 8b45 | f849 c787 | 9002 0000 | 0000 0000 
  0x000001f9880af02c: 49c7 8798 | 0200 0000 | 0000 00c5 | f877 4885 | c00f 848c | 0000 00a8 | 010f 8481 | 0000 0048 
  0x000001f9880af04c: 8b40 ff41 | 807f 3800 | 0f84 6d00 | 0000 4883 | f800 0f84 | 6300 0000 | 498b 4f20 | 4883 f900 
  0x000001f9880af06c: 0f84 1400 | 0000 4883 | e908 4989 | 4f20 4903 | 4f30 4889 | 01e9 4100 | 0000 5049 | 8bd7 488b 
  0x000001f9880af08c: c848 83ec | 2040 f6c4 | 0f0f 841a | 0000 0048 

  0x000001f9880af09c: ;   {runtime_call}
  0x000001f9880af09c: 83ec 0849 | bae0 fb15 | dcf9 7f00 | 0041 ffd2 | 4883 c408 | e90d 0000 

  0x000001f9880af0b4: ;   {runtime_call}
  0x000001f9880af0b4: 0049 bae0 | fb15 dcf9 | 7f00 0041 | ffd2 4883 | c420 58e9 | 0300 0000 | 488b 0049 | 8b8f d800 
  0x000001f9880af0d4: 0000 c781 | 0001 0000 | 0000 0000 | c949 817f | 0800 0000 | 000f 8501 | 0000 00c3 

  0x000001f9880af0f0: ;   {runtime_call StubRoutines (1)}
  0x000001f9880af0f0: e90b 1e74 | ffc5 f877 | 4889 45f8 | 4c8b e448 | 83ec 2048 

  0x000001f9880af104: ;   {runtime_call}
  0x000001f9880af104: 83e4 f049 | bac0 3257 | dcf9 7f00 | 0041 ffd2 | 498b e44d | 33e4 488b | 45f8 e99c | feff fff4 
  0x000001f9880af124: f4f4 f4f4 
[/MachCode]


Compiled method (c1)   39203 3957   !   1       jdk.internal.reflect.NativeMethodAccessorImpl::invoke (137 bytes)
 total in heap  [0x000001f9880af190,0x000001f9880afb90] = 2560
 relocation     [0x000001f9880af2e8,0x000001f9880af370] = 136
 main code      [0x000001f9880af380,0x000001f9880af7a0] = 1056
 stub code      [0x000001f9880af7a0,0x000001f9880af828] = 136
 metadata       [0x000001f9880af828,0x000001f9880af848] = 32
 scopes data    [0x000001f9880af848,0x000001f9880af908] = 192
 scopes pcs     [0x000001f9880af908,0x000001f9880afa28] = 288
 dependencies   [0x000001f9880afa28,0x000001f9880afa30] = 8
 handler table  [0x000001f9880afa30,0x000001f9880afb50] = 288
 nul chk table  [0x000001f9880afb50,0x000001f9880afb90] = 64

[Constant Pool (empty)]

[MachCode]
[Entry Point]
  # {method} {0x000001f9901c34f8} 'invoke' '(Ljava/lang/Object;[Ljava/lang/Object;)Ljava/lang/Object;' in 'jdk/internal/reflect/NativeMethodAccessorImpl'
  # this:     rdx:rdx   = 'jdk/internal/reflect/NativeMethodAccessorImpl'
  # parm0:    r8:r8     = 'java/lang/Object'
  # parm1:    r9:r9     = '[Ljava/lang/Object;'
  #           [sp+0xd0]  (sp of caller)
  0x000001f9880af380: 448b 5208 | 49bb 0000 | 0090 f901 | 0000 4d03 | d34c 3bd0 

  0x000001f9880af394: ;   {runtime_call ic_miss_stub}
  0x000001f9880af394: 0f85 e6d6 | 78ff 660f | 1f44 0000 
[Verified Entry Point]
  0x000001f9880af3a0: 8984 2400 | 90ff ff55 | 4881 ecc0 | 0000 0048 | 8954 2470 | 8b72 0cff | c689 720c 

  0x000001f9880af3bc: ;   {oop(a 'java/lang/Class'{0x000000008a8301c8} = 'jdk/internal/reflect/ReflectionFactory')}
  0x000001f9880af3bc: 48bf c801 | 838a 0000 | 0000 8b7f | 783b f70f | 8f08 0000 | 0048 8bf2 | e9b2 0200 | 004c 898c 
  0x000001f9880af3dc: 2480 0000 | 004c 8944 | 2478 8b72 | 148b 7624 

  0x000001f9880af3ec: ; implicit exception: dispatches to 0x000001f9880af6e2
  0x000001f9880af3ec: 483b 0648 | 8bd6 0f1f 

  0x000001f9880af3f4: ;   {optimized virtual_call}
  0x000001f9880af3f4: 4400 00e8 

  0x000001f9880af3f8: ; ImmutableOopMap {[112]=Oop [128]=Oop [120]=Oop }
                      ;*invokevirtual isHidden {reexecute=0 rethrow=0 return_oop=0}
                      ; - jdk.internal.reflect.NativeMethodAccessorImpl::invoke@24 (line 57)
  0x000001f9880af3f8: c407 a5ff | 83f8 000f | 8417 0000 | 004c 8b8c | 2480 0000 | 004c 8b44 | 2478 488b | 7424 70e9 
  0x000001f9880af418: 6f02 0000 | 488b 5424 | 708b 4210 | 83f8 000f | 8415 0000 | 004c 8b8c | 2480 0000 | 004c 8b44 
  0x000001f9880af438: 2478 488b | f2e9 4902 | 0000 488d | 7210 b800 | 0000 00bf | 0100 0000 | f00f b13e | be01 0000 
  0x000001f9880af458: 000f 8405 | 0000 00be | 0000 0000 | 83fe 000f | 8515 0000 | 004c 8b8c | 2480 0000 | 004c 8b44 
  0x000001f9880af478: 2478 488b | f2e9 0902 | 0000 488b 

  0x000001f9880af484: ;   {metadata('jdk/internal/reflect/MethodAccessorGenerator')}
  0x000001f9880af484: da48 bad0 | 7802 91f9 | 0100 0049 | 8b87 0801 | 0000 488d | b890 0000 | 0049 3bbf | 1801 0000 
  0x000001f9880af4a4: 0f87 3d02 | 0000 4989 | bf08 0100 | 0048 c700 | 0100 0000 | 488b ca49 | ba00 0000 | 90f9 0100 
  0x000001f9880af4c4: 0049 2bca | 8948 0848 | 33c9 8948 | 0c48 33c9 | 48bf 1000 | 0000 0000 | 0000 4889 | 4cf8 0848 
  0x000001f9880af4e4: ffcf 75f6 | ba1e 0000 | 0066 8950 | 6aba 4900 | 0000 6689 | 506c 8b53 | 148b 7224 | 8b7a 288b 
  0x000001f9880af504: 5230 4889 | 8424 9800 | 0000 4889 | bc24 9000 | 0000 4889 | b424 8800 | 0000 0f1f | 8000 0000 
  0x000001f9880af524: 0048 b878 | 1c00 90f9 

  0x000001f9880af52c: ;   {virtual_call}
  0x000001f9880af52c: 0100 00e8 

  0x000001f9880af530: ; ImmutableOopMap {[128]=Oop [120]=Oop [152]=Oop [112]=Oop [144]=Oop [136]=Oop }
                      ;*invokevirtual clone {reexecute=0 rethrow=0 return_oop=0}
                      ; - java.lang.reflect.Method::getParameterTypes@4 (line 314)
                      ; - jdk.internal.reflect.NativeMethodAccessorImpl::invoke@77 (line 65)
  0x000001f9880af530: 6c2d 9dff | 4883 f800 | 0f84 2900 

  0x000001f9880af53c: ;   {metadata('java/lang/Class'[])}
  0x000001f9880af53c: 0000 48bb | 781c 0090 | f901 0000 | 8b78 0849 | ba00 0000 | 90f9 0100 | 0049 03fa | 483b 5f40 
  0x000001f9880af55c: 0f85 9701 | 0000 e900 | 0000 0048 | 8bf0 488b | 5424 708b | 7a14 8b5f | 2c8b 7f34 | 488b d748 
  0x000001f9880af57c: 899c 24a8 | 0000 0048 | 89b4 24a0 | 0000 0066 | 9048 b878 | 1c00 90f9 

  0x000001f9880af594: ;   {virtual_call}
  0x000001f9880af594: 0100 00e8 

  0x000001f9880af598: ; ImmutableOopMap {[128]=Oop [120]=Oop [152]=Oop [144]=Oop [136]=Oop [112]=Oop [168]=Oop [160]=Oop }
                      ;*invokevirtual clone {reexecute=0 rethrow=0 return_oop=0}
                      ; - java.lang.reflect.Method::getExceptionTypes@4 (line 341)
                      ; - jdk.internal.reflect.NativeMethodAccessorImpl::invoke@91 (line 67)
  0x000001f9880af598: 042d 9dff | 4883 f800 | 0f84 2a00 

  0x000001f9880af5a4: ;   {metadata('java/lang/Class'[])}
  0x000001f9880af5a4: 0000 48bf | 781c 0090 | f901 0000 | 448b 4808 | 49ba 0000 | 0090 f901 | 0000 4d03 | ca49 3b79 
  0x000001f9880af5c4: 400f 853c | 0100 00e9 | 0000 0000 | 488b c848 | 8b54 2470 | 448b 4214 

  0x000001f9880af5dc: ; implicit exception: dispatches to 0x000001f9880af710
  0x000001f9880af5dc: 418b 5820 | 4c8b 8424 | 8800 0000 | 4c8b 8c24 | 9000 0000 | 488b bc24 | a000 0000 | 488b b424 
  0x000001f9880af5fc: a800 0000 | 891c 2448 | 8b94 2498 | 0000 000f 

  0x000001f9880af60c: ;   {optimized virtual_call}
  0x000001f9880af60c: 1f40 00e8 

  0x000001f9880af610: ; ImmutableOopMap {[128]=Oop [120]=Oop [112]=Oop }
                      ;*invokevirtual generateMethod {reexecute=0 rethrow=0 return_oop=0}
                      ; - jdk.internal.reflect.NativeMethodAccessorImpl::invoke@101 (line 63)
  0x000001f9880af610: c101 0000 | 4883 f800 | 0f84 2a00 

  0x000001f9880af61c: ;   {metadata('jdk/internal/reflect/MethodAccessorImpl')}
  0x000001f9880af61c: 0000 48be | 48af 0090 | f901 0000 | 448b 4808 | 49ba 0000 | 0090 f901 | 0000 4d03 | ca49 3b71 
  0x000001f9880af63c: 400f 85d2 | 0000 00e9 | 0000 0000 | 488b d048 | 8b74 2470 | 448b 4618 | 450f be4f | 3841 83f9 
  0x000001f9880af65c: 000f 85bb | 0000 004c | 8bd2 4589 | 500c 4d8b | c84c 33ca | 49c1 e914 | 4983 f900 | 0f85 c100 
  0x000001f9880af67c: 0000 4c8b | 8c24 8000 | 0000 4c8b | 4424 788b 

  0x000001f9880af68c: ;   {static_call}
  0x000001f9880af68c: 5614 90e8 

  0x000001f9880af690: ; ImmutableOopMap {}
                      ;*invokestatic invoke0 {reexecute=0 rethrow=0 return_oop=0}
                      ; - jdk.internal.reflect.NativeMethodAccessorImpl::invoke@133 (line 77)
  0x000001f9880af690: acf7 ffff | 4881 c4c0 | 0000 005d 

  0x000001f9880af69c: ;   {poll_return}
  0x000001f9880af69c: 493b a748 | 0300 000f | 87ae 0000 | 00c3 488b | 7424 7049 | 8b87 d803 | 0000 4d33 | d24d 8997 
  0x000001f9880af6bc: d803 0000 | 4d33 d24d | 8997 e003 | 0000 bf00 | 0000 0089 | 7e10 f083 | 4424 c000 | e9b4 0000 
  0x000001f9880af6dc: ;   {runtime_call throw_null_pointer_exception Runtime1 stub}
  0x000001f9880af6dc: 00e8 3e27 

  0x000001f9880af6e0: ; ImmutableOopMap {rdx=Oop [112]=Oop [128]=Oop [120]=Oop }
                      ;*invokevirtual getDeclaringClass {reexecute=0 rethrow=0 return_oop=0}
                      ; - jdk.internal.reflect.NativeMethodAccessorImpl::invoke@21 (line 57)
                      ;   {runtime_call throw_null_pointer_exception Runtime1 stub}
  0x000001f9880af6e0: 83ff e839 

  0x000001f9880af6e4: ; ImmutableOopMap {rdx=Oop [112]=Oop [128]=Oop [120]=Oop rsi=Oop }
                      ;*invokevirtual isHidden {reexecute=0 rethrow=0 return_oop=0}
                      ; - jdk.internal.reflect.NativeMethodAccessorImpl::invoke@24 (line 57)
  0x000001f9880af6e4: 2783 ff48 

  0x000001f9880af6e8: ;   {runtime_call fast_new_instance Runtime1 stub}
  0x000001f9880af6e8: 8bd2 e811 

  0x000001f9880af6ec: ; ImmutableOopMap {[128]=Oop [120]=Oop rbx=Oop [112]=Oop }
                      ;*new {reexecute=0 rethrow=0 return_oop=0}
                      ; - jdk.internal.reflect.NativeMethodAccessorImpl::invoke@52 (line 61)
  0x000001f9880af6ec: 3083 ffe9 | f4fd ffff 

  0x000001f9880af6f4: ;   {runtime_call throw_null_pointer_exception Runtime1 stub}
  0x000001f9880af6f4: e827 2783 

  0x000001f9880af6f8: ; ImmutableOopMap {[128]=Oop [120]=Oop rbx=Oop [112]=Oop rax=Oop rdx=Oop }
                      ;*invokevirtual getDeclaringClass {reexecute=0 rethrow=0 return_oop=0}
                      ; - jdk.internal.reflect.NativeMethodAccessorImpl::invoke@63 (line 63)
  0x000001f9880af6f8: ff48 8904 

  0x000001f9880af6fc: ;   {runtime_call throw_class_cast_exception Runtime1 stub}
  0x000001f9880af6fc: 24e8 1e51 

  0x000001f9880af700: ; ImmutableOopMap {[128]=Oop [120]=Oop [152]=Oop [112]=Oop [144]=Oop [136]=Oop }
                      ;*checkcast {reexecute=0 rethrow=0 return_oop=0}
                      ; - java.lang.reflect.Method::getParameterTypes@7 (line 314)
                      ; - jdk.internal.reflect.NativeMethodAccessorImpl::invoke@77 (line 65)
                      ;   {runtime_call throw_null_pointer_exception Runtime1 stub}
  0x000001f9880af700: 83ff e819 

  0x000001f9880af704: ; ImmutableOopMap {[128]=Oop [120]=Oop [152]=Oop [144]=Oop [136]=Oop rsi=Oop rdx=Oop [112]=Oop rdi=Oop }
                      ;*invokevirtual getReturnType {reexecute=0 rethrow=0 return_oop=0}
                      ; - jdk.internal.reflect.NativeMethodAccessorImpl::invoke@84 (line 66)
  0x000001f9880af704: 2783 ff48 

  0x000001f9880af708: ;   {runtime_call throw_class_cast_exception Runtime1 stub}
  0x000001f9880af708: 8904 24e8 

  0x000001f9880af70c: ; ImmutableOopMap {[128]=Oop [120]=Oop [152]=Oop [144]=Oop [136]=Oop [112]=Oop [168]=Oop [160]=Oop }
                      ;*checkcast {reexecute=0 rethrow=0 return_oop=0}
                      ; - java.lang.reflect.Method::getExceptionTypes@7 (line 341)
                      ; - jdk.internal.reflect.NativeMethodAccessorImpl::invoke@91 (line 67)
  0x000001f9880af70c: 1051 83ff 

  0x000001f9880af710: ;   {runtime_call throw_null_pointer_exception Runtime1 stub}
  0x000001f9880af710: e80b 2783 

  0x000001f9880af714: ; ImmutableOopMap {[128]=Oop [120]=Oop [152]=Oop [144]=Oop [136]=Oop [168]=Oop [160]=Oop rcx=Oop rdx=Oop [112]=Oop }
                      ;*invokevirtual getModifiers {reexecute=0 rethrow=0 return_oop=0}
                      ; - jdk.internal.reflect.NativeMethodAccessorImpl::invoke@98 (line 68)
  0x000001f9880af714: ff48 8904 

  0x000001f9880af718: ;   {runtime_call throw_class_cast_exception Runtime1 stub}
  0x000001f9880af718: 24e8 0251 

  0x000001f9880af71c: ; ImmutableOopMap {[128]=Oop [120]=Oop [112]=Oop }
                      ;*checkcast {reexecute=0 rethrow=0 return_oop=0}
                      ; - jdk.internal.reflect.NativeMethodAccessorImpl::invoke@104 (line 63)
  0x000001f9880af71c: 83ff 458b | 480c 4983 | f900 0f84 | 37ff ffff | 4c89 0c24 

  0x000001f9880af730: ;   {runtime_call g1_pre_barrier_slow}
  0x000001f9880af730: e8cb 8383 | ffe9 29ff 

  0x000001f9880af738: ;   {runtime_call throw_null_pointer_exception Runtime1 stub}
  0x000001f9880af738: ffff e8e1 

  0x000001f9880af73c: ; ImmutableOopMap {[128]=Oop [120]=Oop rdx=Oop rsi=Oop [112]=Oop r8=Oop }
                      ;*invokevirtual setDelegate {reexecute=0 rethrow=0 return_oop=0}
                      ; - jdk.internal.reflect.NativeMethodAccessorImpl::invoke@113 (line 69)
  0x000001f9880af73c: 2683 ff48 | 83fa 000f | 8435 ffff | ff4c 8904 

  0x000001f9880af74c: ;   {runtime_call g1_post_barrier_slow}
  0x000001f9880af74c: 24e8 ae86 | 83ff e927 

  0x000001f9880af754: ;   {internal_word}
  0x000001f9880af754: ffff ff49 | ba9c f60a | 88f9 0100 | 004d 8997 | 6003 0000 

  0x000001f9880af768: ;   {runtime_call SafepointBlob}
  0x000001f9880af768: e993 3c79 

  0x000001f9880af76c: ;   {runtime_call throw_null_pointer_exception Runtime1 stub}
  0x000001f9880af76c: ffe8 ae26 

  0x000001f9880af770: ; ImmutableOopMap {[128]=Oop [120]=Oop rdx=Oop rsi=Oop [112]=Oop r8=Oop }
                      ;*invokevirtual setDelegate {reexecute=0 rethrow=0 return_oop=0}
                      ; - jdk.internal.reflect.NativeMethodAccessorImpl::invoke@113 (line 69)
  0x000001f9880af770: 83ff 9090 | 498b 87d8 | 0300 0049 | c787 d803 | 0000 0000 | 0000 49c7 | 87e0 0300 | 0000 0000 
  0x000001f9880af790: 0048 81c4 | c000 0000 

  0x000001f9880af798: ;   {runtime_call unwind_exception Runtime1 stub}
  0x000001f9880af798: 5de9 6217 | 83ff f4f4 
[Stub Code]
  0x000001f9880af7a0: ;   {no_reloc}
  0x000001f9880af7a0: 0f1f 4400 

  0x000001f9880af7a4: ;   {static_stub}
  0x000001f9880af7a4: 0048 bb00 | 0000 0000 

  0x000001f9880af7ac: ;   {runtime_call}
  0x000001f9880af7ac: 0000 00e9 | fbff ffff 

  0x000001f9880af7b4: ;   {static_stub}
  0x000001f9880af7b4: 9048 bb00 | 0000 0000 

  0x000001f9880af7bc: ;   {runtime_call}
  0x000001f9880af7bc: 0000 00e9 | fbff ffff 

  0x000001f9880af7c4: ;   {static_stub}
  0x000001f9880af7c4: 9048 bb00 | 0000 0000 

  0x000001f9880af7cc: ;   {runtime_call}
  0x000001f9880af7cc: 0000 00e9 | fbff ffff 

  0x000001f9880af7d4: ;   {static_stub}
  0x000001f9880af7d4: 9048 bbe0 | 3c22 d1f9 

  0x000001f9880af7dc: ;   {runtime_call I2C/C2I adapters}
  0x000001f9880af7dc: 0100 00e9 | 963f 85ff 

  0x000001f9880af7e4: ;   {static_stub}
  0x000001f9880af7e4: 9048 bb00 | 0000 0000 

  0x000001f9880af7ec: ;   {runtime_call}
  0x000001f9880af7ec: 0000 00e9 | fbff ffff 
[Exception Handler]
  0x000001f9880af7f4: ;   {runtime_call handle_exception_from_callee Runtime1 stub}
  0x000001f9880af7f4: e807 4783 

  0x000001f9880af7f8: ;   {external_word}
  0x000001f9880af7f8: ff48 b990 | f075 dcf9 | 7f00 0048 

  0x000001f9880af804: ;   {runtime_call}
  0x000001f9880af804: 83e4 f049 | ba20 ff43 | dcf9 7f00 | 0041 ffd2 

  0x000001f9880af814: ;   {section_word}
  0x000001f9880af814: f449 ba15 | f80a 88f9 | 0100 0041 

  0x000001f9880af820: ;   {runtime_call DeoptimizationBlob}
  0x000001f9880af820: 52e9 7a2e | 79ff f4f4 
[/MachCode]


Compiled method (c1)   39213 3913       1       jdk.internal.reflect.DelegatingMethodAccessorImpl::invoke (10 bytes)
 total in heap  [0x000001f9880a4090,0x000001f9880a4358] = 712
 relocation     [0x000001f9880a41e8,0x000001f9880a4220] = 56
 main code      [0x000001f9880a4220,0x000001f9880a42c0] = 160
 stub code      [0x000001f9880a42c0,0x000001f9880a4308] = 72
 metadata       [0x000001f9880a4308,0x000001f9880a4310] = 8
 scopes data    [0x000001f9880a4310,0x000001f9880a4320] = 16
 scopes pcs     [0x000001f9880a4320,0x000001f9880a4350] = 48
 dependencies   [0x000001f9880a4350,0x000001f9880a4358] = 8

[Constant Pool (empty)]

[MachCode]
[Entry Point]
  # {method} {0x000001f9903628a0} 'invoke' '(Ljava/lang/Object;[Ljava/lang/Object;)Ljava/lang/Object;' in 'jdk/internal/reflect/DelegatingMethodAccessorImpl'
  # this:     rdx:rdx   = 'jdk/internal/reflect/DelegatingMethodAccessorImpl'
  # parm0:    r8:r8     = 'java/lang/Object'
  # parm1:    r9:r9     = '[Ljava/lang/Object;'
  #           [sp+0x40]  (sp of caller)
  0x000001f9880a4220: 448b 5208 | 49bb 0000 | 0090 f901 | 0000 4d03 | d34c 3bd0 

  0x000001f9880a4234: ;   {runtime_call ic_miss_stub}
  0x000001f9880a4234: 0f85 4688 | 79ff 660f | 1f44 0000 
[Verified Entry Point]
  0x000001f9880a4240: 8984 2400 | 90ff ff55 | 4883 ec30 | 8b52 0c66 | 0f1f 4400 | 0048 b8ff | ffff ffff 

  0x000001f9880a425c: ;   {virtual_call}
  0x000001f9880a425c: ffff ffe8 

  0x000001f9880a4260: ; ImmutableOopMap {}
                      ;*invokevirtual invoke {reexecute=0 rethrow=0 return_oop=0}
                      ; - jdk.internal.reflect.DelegatingMethodAccessorImpl::invoke@6 (line 43)
  0x000001f9880a4260: e46a 84ff | 4883 c430 

  0x000001f9880a4268: ;   {poll_return}
  0x000001f9880a4268: 5d49 3ba7 | 4803 0000 | 0f87 0100 

  0x000001f9880a4274: ;   {internal_word}
  0x000001f9880a4274: 0000 c349 | ba69 420a | 88f9 0100 | 004d 8997 | 6003 0000 

  0x000001f9880a4288: ;   {runtime_call SafepointBlob}
  0x000001f9880a4288: e973 f179 | ff90 9049 | 8b87 d803 | 0000 49c7 | 87d8 0300 | 0000 0000 | 0049 c787 | e003 0000 
  0x000001f9880a42a8: 0000 0000 | 4883 c430 

  0x000001f9880a42b0: ;   {runtime_call unwind_exception Runtime1 stub}
  0x000001f9880a42b0: 5de9 4acc | 83ff f4f4 | f4f4 f4f4 | f4f4 f4f4 
[Stub Code]
  0x000001f9880a42c0: ;   {no_reloc}
  0x000001f9880a42c0: 0f1f 4400 

  0x000001f9880a42c4: ;   {static_stub}
  0x000001f9880a42c4: 0048 bb00 | 0000 0000 

  0x000001f9880a42cc: ;   {runtime_call}
  0x000001f9880a42cc: 0000 00e9 | fbff ffff 
[Exception Handler]
  0x000001f9880a42d4: ;   {runtime_call handle_exception_from_callee Runtime1 stub}
  0x000001f9880a42d4: e827 fc83 

  0x000001f9880a42d8: ;   {external_word}
  0x000001f9880a42d8: ff48 b990 | f075 dcf9 | 7f00 0048 

  0x000001f9880a42e4: ;   {runtime_call}
  0x000001f9880a42e4: 83e4 f049 | ba20 ff43 | dcf9 7f00 | 0041 ffd2 

  0x000001f9880a42f4: ;   {section_word}
  0x000001f9880a42f4: f449 baf5 | 420a 88f9 | 0100 0041 

  0x000001f9880a4300: ;   {runtime_call DeoptimizationBlob}
  0x000001f9880a4300: 52e9 9ae3 | 79ff f4f4 
[/MachCode]


---------------  P R O C E S S  ---------------

Threads class SMR info:
_java_thread_list=0x000001f98fac3fe0, length=39, elements={
0x000001f98f17e4d0, 0x000001f98f17f150, 0x000001f98f193690, 0x000001f98f194310,
0x000001f98f195ce0, 0x000001f98f1966a0, 0x000001f98f197800, 0x000001f98f1a2290,
0x000001f98f168f20, 0x000001f98f72e8d0, 0x000001f98f774770, 0x000001f98f8c5420,
0x000001f98fded9b0, 0x000001f98fe027c0, 0x000001f9d59c9120, 0x000001f9d59c9630,
0x000001f9d59c9b40, 0x000001f9d59ca050, 0x000001f9d64d1b90, 0x000001f9d64cee00,
0x000001f9d64d34e0, 0x000001f9d64cd9c0, 0x000001f9d64d0c60, 0x000001f9d64d25b0,
0x000001f9d64cf310, 0x000001f9d64cc070, 0x000001f9d64ce3e0, 0x000001f9d64d2ac0,
0x000001f9d64d1170, 0x000001f9d64ce8f0, 0x000001f9d64d1680, 0x000001f9d64cfd30,
0x000001f9d64d0240, 0x000001f9d64d39f0, 0x000001f9d64cc580, 0x000001f9d64cd4b0,
0x000001f98fae7840, 0x000001f98fb1f6a0, 0x000001f9d64cca90
}

Java Threads: ( => current thread )
  0x000001f98f17e4d0 JavaThread "Reference Handler" daemon [_thread_blocked, id=6540, stack(0x000000229e700000,0x000000229e800000)]
  0x000001f98f17f150 JavaThread "Finalizer" daemon [_thread_blocked, id=13280, stack(0x000000229e800000,0x000000229e900000)]
  0x000001f98f193690 JavaThread "Signal Dispatcher" daemon [_thread_blocked, id=2792, stack(0x000000229e900000,0x000000229ea00000)]
  0x000001f98f194310 JavaThread "Attach Listener" daemon [_thread_blocked, id=15680, stack(0x000000229ea00000,0x000000229eb00000)]
  0x000001f98f195ce0 JavaThread "Service Thread" daemon [_thread_blocked, id=13628, stack(0x000000229eb00000,0x000000229ec00000)]
  0x000001f98f1966a0 JavaThread "Monitor Deflation Thread" daemon [_thread_blocked, id=4752, stack(0x000000229ec00000,0x000000229ed00000)]
  0x000001f98f197800 JavaThread "C1 CompilerThread0" daemon [_thread_blocked, id=4628, stack(0x000000229ed00000,0x000000229ee00000)]
  0x000001f98f1a2290 JavaThread "Sweeper thread" daemon [_thread_blocked, id=12384, stack(0x000000229ee00000,0x000000229ef00000)]
  0x000001f98f168f20 JavaThread "Common-Cleaner" daemon [_thread_blocked, id=14508, stack(0x000000229ef00000,0x000000229f000000)]
  0x000001f98f72e8d0 JavaThread "Monitor Ctrl-Break" daemon [_thread_in_native, id=11808, stack(0x000000229f200000,0x000000229f300000)]
  0x000001f98f774770 JavaThread "Notification Thread" daemon [_thread_blocked, id=6132, stack(0x000000229f300000,0x000000229f400000)]
  0x000001f98f8c5420 JavaThread "RMI TCP Accept-0" daemon [_thread_in_native, id=9120, stack(0x000000229f400000,0x000000229f500000)]
  0x000001f98fded9b0 JavaThread "RMI TCP Connection(idle)" daemon [_thread_blocked, id=620, stack(0x000000229fe00000,0x000000229ff00000)]
  0x000001f98fe027c0 JavaThread "RMI Scheduler(0)" daemon [_thread_blocked, id=5736, stack(0x000000229ff00000,0x00000022a0000000)]
  0x000001f9d59c9120 JavaThread "Catalina-utility-1" [_thread_blocked, id=8528, stack(0x00000022a0600000,0x00000022a0700000)]
  0x000001f9d59c9630 JavaThread "Catalina-utility-2" [_thread_blocked, id=12828, stack(0x00000022a0700000,0x00000022a0800000)]
  0x000001f9d59c9b40 JavaThread "container-0" [_thread_blocked, id=15604, stack(0x00000022a0800000,0x00000022a0900000)]
  0x000001f9d59ca050 JavaThread "mysql-cj-abandoned-connection-cleanup" daemon [_thread_blocked, id=10880, stack(0x00000022a0900000,0x00000022a0a00000)]
  0x000001f9d64d1b90 JavaThread "HikariPool-1 housekeeper" daemon [_thread_blocked, id=4208, stack(0x00000022a0b00000,0x00000022a0c00000)]
  0x000001f9d64cee00 JavaThread "File Watcher" daemon [_thread_blocked, id=15076, stack(0x00000022a0d00000,0x00000022a0e00000)]
  0x000001f9d64d34e0 JavaThread "Live Reload Server" daemon [_thread_in_native, id=13548, stack(0x00000022a0f00000,0x00000022a1000000)]
  0x000001f9d64cd9c0 JavaThread "http-nio-8080-exec-1" daemon [_thread_blocked, id=10048, stack(0x00000022a0e00000,0x00000022a0f00000)]
  0x000001f9d64d0c60 JavaThread "http-nio-8080-exec-2" daemon [_thread_blocked, id=11120, stack(0x00000022a1000000,0x00000022a1100000)]
  0x000001f9d64d25b0 JavaThread "http-nio-8080-exec-3" daemon [_thread_blocked, id=1016, stack(0x00000022a1100000,0x00000022a1200000)]
  0x000001f9d64cf310 JavaThread "http-nio-8080-exec-4" daemon [_thread_blocked, id=1076, stack(0x00000022a1200000,0x00000022a1300000)]
  0x000001f9d64cc070 JavaThread "http-nio-8080-exec-5" daemon [_thread_blocked, id=14748, stack(0x00000022a1300000,0x00000022a1400000)]
=>0x000001f9d64ce3e0 JavaThread "http-nio-8080-exec-6" daemon [_thread_in_native, id=15948, stack(0x00000022a1400000,0x00000022a1500000)]
  0x000001f9d64d2ac0 JavaThread "http-nio-8080-exec-7" daemon [_thread_blocked, id=14188, stack(0x00000022a1500000,0x00000022a1600000)]
  0x000001f9d64d1170 JavaThread "http-nio-8080-exec-8" daemon [_thread_blocked, id=7860, stack(0x00000022a1600000,0x00000022a1700000)]
  0x000001f9d64ce8f0 JavaThread "http-nio-8080-exec-9" daemon [_thread_blocked, id=16140, stack(0x00000022a1700000,0x00000022a1800000)]
  0x000001f9d64d1680 JavaThread "http-nio-8080-exec-10" daemon [_thread_blocked, id=7096, stack(0x00000022a1800000,0x00000022a1900000)]
  0x000001f9d64cfd30 JavaThread "http-nio-8080-Poller" daemon [_thread_in_native, id=14472, stack(0x00000022a1900000,0x00000022a1a00000)]
  0x000001f9d64d0240 JavaThread "http-nio-8080-Acceptor" daemon [_thread_in_native, id=7616, stack(0x00000022a1a00000,0x00000022a1b00000)]
  0x000001f9d64d39f0 JavaThread "DestroyJavaVM" [_thread_blocked, id=13100, stack(0x000000229e000000,0x000000229e100000)]
  0x000001f9d64cc580 JavaThread "RMI TCP Connection(idle)" daemon [_thread_blocked, id=13716, stack(0x000000229fc00000,0x000000229fd00000)]
  0x000001f9d64cd4b0 JavaThread "HikariPool-1 connection adder" daemon [_thread_blocked, id=4952, stack(0x000000229fd00000,0x000000229fe00000)]
  0x000001f98fae7840 JavaThread "C1 CompilerThread1" daemon [_thread_blocked, id=4732, stack(0x00000022a0400000,0x00000022a0500000)]
  0x000001f98fb1f6a0 JavaThread "C1 CompilerThread2" daemon [_thread_blocked, id=15144, stack(0x00000022a0c00000,0x00000022a0d00000)]
  0x000001f9d64cca90 JavaThread "Keep-Alive-Timer" daemon [_thread_blocked, id=4152, stack(0x00000022a1b00000,0x00000022a1c00000)]

Other Threads:
  0x000001f98f179220 VMThread "VM Thread" [stack: 0x000000229e600000,0x000000229e700000] [id=11084]
  0x000001f98f8c5900 WatcherThread [stack: 0x000000229f500000,0x000000229f600000] [id=13644]
  0x000001f9fd2778b0 GCTaskThread "GC Thread#0" [stack: 0x000000229e100000,0x000000229e200000] [id=5912]
  0x000001f98fce0940 GCTaskThread "GC Thread#1" [stack: 0x000000229f600000,0x000000229f700000] [id=14428]
  0x000001f98fd26df0 GCTaskThread "GC Thread#2" [stack: 0x000000229f700000,0x000000229f800000] [id=15264]
  0x000001f98fd290c0 GCTaskThread "GC Thread#3" [stack: 0x000000229f800000,0x000000229f900000] [id=4908]
  0x000001f98fd29380 GCTaskThread "GC Thread#4" [stack: 0x000000229f900000,0x000000229fa00000] [id=16176]
  0x000001f98fd29640 GCTaskThread "GC Thread#5" [stack: 0x000000229fa00000,0x000000229fb00000] [id=5320]
  0x000001f98fd29900 GCTaskThread "GC Thread#6" [stack: 0x000000229fb00000,0x000000229fc00000] [id=14572]
  0x000001f9d55920c0 GCTaskThread "GC Thread#7" [stack: 0x00000022a0100000,0x00000022a0200000] [id=13656]
  0x000001f9d5608ec0 GCTaskThread "GC Thread#8" [stack: 0x00000022a0200000,0x00000022a0300000] [id=14060]
  0x000001f9d5609180 GCTaskThread "GC Thread#9" [stack: 0x00000022a0300000,0x00000022a0400000] [id=8892]
  0x000001f9fb11da70 ConcurrentGCThread "G1 Main Marker" [stack: 0x000000229e200000,0x000000229e300000] [id=1656]
  0x000001f9fb11ec20 ConcurrentGCThread "G1 Conc#0" [stack: 0x000000229e300000,0x000000229e400000] [id=4764]
  0x000001f9d5a2e8e0 ConcurrentGCThread "G1 Conc#1" [stack: 0x00000022a0000000,0x00000022a0100000] [id=7064]
  0x000001f9d5a311a0 ConcurrentGCThread "G1 Conc#2" [stack: 0x00000022a0500000,0x00000022a0600000] [id=5864]
  0x000001f9fd2ee6d0 ConcurrentGCThread "G1 Refine#0" [stack: 0x000000229e400000,0x000000229e500000] [id=8100]
  0x000001f98f036220 ConcurrentGCThread "G1 Service" [stack: 0x000000229e500000,0x000000229e600000] [id=11696]

Threads with active compile tasks:

VM state: not at safepoint (normal execution)

VM Mutex/Monitor currently owned by a thread: None

Heap address: 0x000000008a400000, size: 1884 MB, Compressed Oops mode: 32-bit

CDS archive(s) mapped at: [0x000001f990000000-0x000001f990bd0000-0x000001f990bd0000), size 12386304, SharedBaseAddress: 0x000001f990000000, ArchiveRelocationMode: 1.
Compressed class space mapped at: 0x000001f991000000-0x000001f9d1000000, reserved size: 1073741824
Narrow klass base: 0x000001f990000000, Narrow klass shift: 0, Narrow klass range: 0x100000000

GC Precious Log:
 CPUs: 12 total, 12 available
 Memory: 7528M
 Large Page Support: Disabled
 NUMA Support: Disabled
 Compressed Oops: Enabled (32-bit)
 Heap Region Size: 1M
 Heap Min Capacity: 8M
 Heap Initial Capacity: 118M
 Heap Max Capacity: 1884M
 Pre-touch: Disabled
 Parallel Workers: 10
 Concurrent Workers: 3
 Concurrent Refinement Workers: 10
 Periodic GC: Disabled

Heap:
 garbage-first heap   total 66560K, used 39274K [0x000000008a400000, 0x0000000100000000)
  region size 1024K, 11 young (11264K), 3 survivors (3072K)
 Metaspace       used 74035K, committed 74688K, reserved 1114112K
  class space    used 10344K, committed 10624K, reserved 1048576K

Heap Regions: E=young(eden), S=young(survivor), O=old, HS=humongous(starts), HC=humongous(continues), CS=collection set, F=free, OA=open archive, CA=closed archive, TAMS=top-at-mark-start (previous, next)
|   0|0x000000008a400000, 0x000000008a500000, 0x000000008a500000|100%|HS|  |TAMS 0x000000008a500000, 0x000000008a400000| Complete 
|   1|0x000000008a500000, 0x000000008a600000, 0x000000008a600000|100%| O|  |TAMS 0x000000008a600000, 0x000000008a500000| Untracked 
|   2|0x000000008a600000, 0x000000008a700000, 0x000000008a700000|100%| O|  |TAMS 0x000000008a700000, 0x000000008a600000| Untracked 
|   3|0x000000008a700000, 0x000000008a800000, 0x000000008a800000|100%| O|  |TAMS 0x000000008a800000, 0x000000008a700000| Untracked 
|   4|0x000000008a800000, 0x000000008a900000, 0x000000008a900000|100%| O|  |TAMS 0x000000008a900000, 0x000000008a800000| Untracked 
|   5|0x000000008a900000, 0x000000008aa00000, 0x000000008aa00000|100%| O|  |TAMS 0x000000008aa00000, 0x000000008a900000| Untracked 
|   6|0x000000008aa00000, 0x000000008ab00000, 0x000000008ab00000|100%| O|  |TAMS 0x000000008ab00000, 0x000000008aa00000| Untracked 
|   7|0x000000008ab00000, 0x000000008ab8ca00, 0x000000008ac00000| 54%| O|  |TAMS 0x000000008ab8ca00, 0x000000008ab00000| Untracked 
|   8|0x000000008ac00000, 0x000000008ad00000, 0x000000008ad00000|100%| O|  |TAMS 0x000000008ad00000, 0x000000008ac00000| Untracked 
|   9|0x000000008ad00000, 0x000000008ae00000, 0x000000008ae00000|100%| O|  |TAMS 0x000000008ae00000, 0x000000008ad00000| Untracked 
|  10|0x000000008ae00000, 0x000000008af00000, 0x000000008af00000|100%| O|  |TAMS 0x000000008af00000, 0x000000008ae00000| Untracked 
|  11|0x000000008af00000, 0x000000008b000000, 0x000000008b000000|100%| O|  |TAMS 0x000000008b000000, 0x000000008af00000| Untracked 
|  12|0x000000008b000000, 0x000000008b100000, 0x000000008b100000|100%| O|  |TAMS 0x000000008b100000, 0x000000008b000000| Untracked 
|  13|0x000000008b100000, 0x000000008b200000, 0x000000008b200000|100%| O|  |TAMS 0x000000008b200000, 0x000000008b100000| Untracked 
|  14|0x000000008b200000, 0x000000008b300000, 0x000000008b300000|100%| O|  |TAMS 0x000000008b300000, 0x000000008b200000| Untracked 
|  15|0x000000008b300000, 0x000000008b400000, 0x000000008b400000|100%| O|  |TAMS 0x000000008b400000, 0x000000008b300000| Untracked 
|  16|0x000000008b400000, 0x000000008b500000, 0x000000008b500000|100%| O|  |TAMS 0x000000008b500000, 0x000000008b400000| Untracked 
|  17|0x000000008b500000, 0x000000008b600000, 0x000000008b600000|100%| O|  |TAMS 0x000000008b600000, 0x000000008b500000| Untracked 
|  18|0x000000008b600000, 0x000000008b700000, 0x000000008b700000|100%| O|  |TAMS 0x000000008b700000, 0x000000008b600000| Untracked 
|  19|0x000000008b700000, 0x000000008b800000, 0x000000008b800000|100%| O|  |TAMS 0x000000008b800000, 0x000000008b700000| Untracked 
|  20|0x000000008b800000, 0x000000008b900000, 0x000000008b900000|100%| O|  |TAMS 0x000000008b900000, 0x000000008b800000| Untracked 
|  21|0x000000008b900000, 0x000000008ba00000, 0x000000008ba00000|100%| O|  |TAMS 0x000000008ba00000, 0x000000008b900000| Untracked 
|  22|0x000000008ba00000, 0x000000008bb00000, 0x000000008bb00000|100%| O|  |TAMS 0x000000008ba3a800, 0x000000008ba00000| Untracked 
|  23|0x000000008bb00000, 0x000000008bc00000, 0x000000008bc00000|100%| O|  |TAMS 0x000000008bb00000, 0x000000008bb00000| Untracked 
|  24|0x000000008bc00000, 0x000000008bd00000, 0x000000008bd00000|100%| O|  |TAMS 0x000000008bc00000, 0x000000008bc00000| Untracked 
|  25|0x000000008bd00000, 0x000000008be00000, 0x000000008be00000|100%| O|  |TAMS 0x000000008bd00000, 0x000000008bd00000| Untracked 
|  26|0x000000008be00000, 0x000000008bf00000, 0x000000008bf00000|100%| O|  |TAMS 0x000000008be00000, 0x000000008be00000| Untracked 
|  27|0x000000008bf00000, 0x000000008c000000, 0x000000008c000000|100%| O|  |TAMS 0x000000008bf00000, 0x000000008bf00000| Untracked 
|  28|0x000000008c000000, 0x000000008c100000, 0x000000008c100000|100%| O|  |TAMS 0x000000008c000000, 0x000000008c000000| Untracked 
|  29|0x000000008c100000, 0x000000008c1cde00, 0x000000008c200000| 80%| O|  |TAMS 0x000000008c100000, 0x000000008c100000| Untracked 
|  30|0x000000008c200000, 0x000000008c200000, 0x000000008c300000|  0%| F|  |TAMS 0x000000008c200000, 0x000000008c200000| Untracked 
|  31|0x000000008c300000, 0x000000008c300000, 0x000000008c400000|  0%| F|  |TAMS 0x000000008c300000, 0x000000008c300000| Untracked 
|  32|0x000000008c400000, 0x000000008c400000, 0x000000008c500000|  0%| F|  |TAMS 0x000000008c400000, 0x000000008c400000| Untracked 
|  33|0x000000008c500000, 0x000000008c500000, 0x000000008c600000|  0%| F|  |TAMS 0x000000008c500000, 0x000000008c500000| Untracked 
|  34|0x000000008c600000, 0x000000008c600000, 0x000000008c700000|  0%| F|  |TAMS 0x000000008c600000, 0x000000008c600000| Untracked 
|  35|0x000000008c700000, 0x000000008c700000, 0x000000008c800000|  0%| F|  |TAMS 0x000000008c700000, 0x000000008c700000| Untracked 
|  36|0x000000008c800000, 0x000000008c800000, 0x000000008c900000|  0%| F|  |TAMS 0x000000008c800000, 0x000000008c800000| Untracked 
|  37|0x000000008c900000, 0x000000008c900000, 0x000000008ca00000|  0%| F|  |TAMS 0x000000008c900000, 0x000000008c900000| Untracked 
|  38|0x000000008ca00000, 0x000000008ca00000, 0x000000008cb00000|  0%| F|  |TAMS 0x000000008ca00000, 0x000000008ca00000| Untracked 
|  39|0x000000008cb00000, 0x000000008cc00000, 0x000000008cc00000|100%| S|CS|TAMS 0x000000008cb00000, 0x000000008cb00000| Complete 
|  40|0x000000008cc00000, 0x000000008cd00000, 0x000000008cd00000|100%| S|CS|TAMS 0x000000008cc00000, 0x000000008cc00000| Complete 
|  41|0x000000008cd00000, 0x000000008cd00000, 0x000000008ce00000|  0%| F|  |TAMS 0x000000008cd00000, 0x000000008cd00000| Untracked 
|  42|0x000000008ce00000, 0x000000008ce00000, 0x000000008cf00000|  0%| F|  |TAMS 0x000000008ce00000, 0x000000008ce00000| Untracked 
|  43|0x000000008cf00000, 0x000000008d000000, 0x000000008d000000|100%| S|CS|TAMS 0x000000008cf00000, 0x000000008cf00000| Complete 
|  44|0x000000008d000000, 0x000000008d000000, 0x000000008d100000|  0%| F|  |TAMS 0x000000008d000000, 0x000000008d000000| Untracked 
|  45|0x000000008d100000, 0x000000008d100000, 0x000000008d200000|  0%| F|  |TAMS 0x000000008d100000, 0x000000008d100000| Untracked 
|  46|0x000000008d200000, 0x000000008d200000, 0x000000008d300000|  0%| F|  |TAMS 0x000000008d200000, 0x000000008d200000| Untracked 
|  47|0x000000008d300000, 0x000000008d300000, 0x000000008d400000|  0%| F|  |TAMS 0x000000008d300000, 0x000000008d300000| Untracked 
|  48|0x000000008d400000, 0x000000008d400000, 0x000000008d500000|  0%| F|  |TAMS 0x000000008d400000, 0x000000008d400000| Untracked 
|  49|0x000000008d500000, 0x000000008d500000, 0x000000008d600000|  0%| F|  |TAMS 0x000000008d500000, 0x000000008d500000| Untracked 
|  50|0x000000008d600000, 0x000000008d600000, 0x000000008d700000|  0%| F|  |TAMS 0x000000008d600000, 0x000000008d600000| Untracked 
|  51|0x000000008d700000, 0x000000008d700000, 0x000000008d800000|  0%| F|  |TAMS 0x000000008d700000, 0x000000008d700000| Untracked 
|  52|0x000000008d800000, 0x000000008d800000, 0x000000008d900000|  0%| F|  |TAMS 0x000000008d800000, 0x000000008d800000| Untracked 
|  53|0x000000008d900000, 0x000000008d900000, 0x000000008da00000|  0%| F|  |TAMS 0x000000008d900000, 0x000000008d900000| Untracked 
|  54|0x000000008da00000, 0x000000008da00000, 0x000000008db00000|  0%| F|  |TAMS 0x000000008da00000, 0x000000008da00000| Untracked 
|  55|0x000000008db00000, 0x000000008db00000, 0x000000008dc00000|  0%| F|  |TAMS 0x000000008db00000, 0x000000008db00000| Untracked 
|  56|0x000000008dc00000, 0x000000008dc00000, 0x000000008dd00000|  0%| F|  |TAMS 0x000000008dc00000, 0x000000008dc00000| Untracked 
|  57|0x000000008dd00000, 0x000000008dd53f48, 0x000000008de00000| 32%| E|  |TAMS 0x000000008dd00000, 0x000000008dd00000| Complete 
|  58|0x000000008de00000, 0x000000008df00000, 0x000000008df00000|100%| E|CS|TAMS 0x000000008de00000, 0x000000008de00000| Complete 
|  59|0x000000008df00000, 0x000000008e000000, 0x000000008e000000|100%| E|  |TAMS 0x000000008df00000, 0x000000008df00000| Complete 
|  60|0x000000008e000000, 0x000000008e100000, 0x000000008e100000|100%| E|CS|TAMS 0x000000008e000000, 0x000000008e000000| Complete 
|  61|0x000000008e100000, 0x000000008e200000, 0x000000008e200000|100%| E|CS|TAMS 0x000000008e100000, 0x000000008e100000| Complete 
|  62|0x000000008e200000, 0x000000008e300000, 0x000000008e300000|100%| E|CS|TAMS 0x000000008e200000, 0x000000008e200000| Complete 
|  63|0x000000008e300000, 0x000000008e400000, 0x000000008e400000|100%| E|CS|TAMS 0x000000008e300000, 0x000000008e300000| Complete 
| 117|0x0000000091900000, 0x0000000091a00000, 0x0000000091a00000|100%| E|CS|TAMS 0x0000000091900000, 0x0000000091900000| Complete 

Card table byte_map: [0x000001f9fd9e0000,0x000001f9fdd90000] _byte_map_base: 0x000001f9fd58e000

Marking Bits (Prev, Next): (CMBitMap*) 0x000001f9fd277f10, (CMBitMap*) 0x000001f9fd277ed0
 Prev Bits: [0x000001f98a7f0000, 0x000001f98c560000)
 Next Bits: [0x000001f9fe140000, 0x000001f9ffeb0000)

Polling page: 0x000001f9fc9f0000

Metaspace:

Usage:
  Non-class:     62.20 MB used.
      Class:     10.10 MB used.
       Both:     72.30 MB used.

Virtual space:
  Non-class space:       64.00 MB reserved,      62.56 MB ( 98%) committed,  1 nodes.
      Class space:        1.00 GB reserved,      10.38 MB (  1%) committed,  1 nodes.
             Both:        1.06 GB reserved,      72.94 MB (  7%) committed. 

Chunk freelists:
   Non-Class:  1.48 MB
       Class:  5.58 MB
        Both:  7.06 MB

MaxMetaspaceSize: unlimited
CompressedClassSpaceSize: 1.00 GB
Initial GC threshold: 21.00 MB
Current GC threshold: 98.38 MB
CDS: on
MetaspaceReclaimPolicy: balanced
 - commit_granule_bytes: 65536.
 - commit_granule_words: 8192.
 - virtual_space_node_default_size: 8388608.
 - enlarge_chunks_in_place: 1.
 - new_chunks_are_fully_committed: 0.
 - uncommit_free_chunks: 1.
 - use_allocation_guard: 0.
 - handle_deallocations: 1.


Internal statistics:

num_allocs_failed_limit: 9.
num_arena_births: 870.
num_arena_deaths: 0.
num_vsnodes_births: 2.
num_vsnodes_deaths: 0.
num_space_committed: 1167.
num_space_uncommitted: 0.
num_chunks_returned_to_freelist: 9.
num_chunks_taken_from_freelist: 3443.
num_chunk_merges: 9.
num_chunk_splits: 2515.
num_chunks_enlarged: 1947.
num_inconsistent_stats: 0.

CodeCache: size=49152Kb used=12990Kb max_used=12990Kb free=36161Kb
 bounds [0x000001f9877f0000, 0x000001f9884a0000, 0x000001f98a7f0000]
 total_blobs=7659 nmethods=6809 adapters=774
 compilation: enabled
              stopped_count=0, restarted_count=0
 full_count=0

Compilation events (20 events):
Event: 39.118 Thread 0x000001f98fae7840 6800       1       java.util.Formatter$Conversion::isValid (358 bytes)
Event: 39.118 Thread 0x000001f98fae7840 nmethod 6800 0x000001f98849c090 code [0x000001f98849c220, 0x000001f98849c358]
Event: 39.133 Thread 0x000001f98fae7840 6801       1       java.lang.StringBuilder::append (6 bytes)
Event: 39.133 Thread 0x000001f98fae7840 nmethod 6801 0x000001f98849c410 code [0x000001f98849c5a0, 0x000001f98849c688]
Event: 39.134 Thread 0x000001f98f197800 6802       1       java.util.Formatter$Conversion::isText (34 bytes)
Event: 39.134 Thread 0x000001f98fae7840 6803       1       java.util.Formatter$FormatSpecifier::print (230 bytes)
Event: 39.134 Thread 0x000001f98fb1f6a0 6804       1       java.util.Formatter::ensureOpen (16 bytes)
Event: 39.135 Thread 0x000001f98f197800 nmethod 6802 0x000001f98849c710 code [0x000001f98849c8a0, 0x000001f98849c978]
Event: 39.135 Thread 0x000001f98f197800 6805       1       java.util.Formatter$FormatSpecifier::appendJustified (91 bytes)
Event: 39.135 Thread 0x000001f98fb1f6a0 nmethod 6804 0x000001f98849ca10 code [0x000001f98849cba0, 0x000001f98849ccc8]
Event: 39.135 Thread 0x000001f98fae7840 nmethod 6803 0x000001f98849cd90 code [0x000001f98849cfe0, 0x000001f98849d468]
Event: 39.135 Thread 0x000001f98f197800 nmethod 6805 0x000001f98849d610 code [0x000001f98849d800, 0x000001f98849da68]
Event: 39.152 Thread 0x000001f98f197800 6806       1       java.util.Formatter$FormatSpecifier::<init> (77 bytes)
Event: 39.153 Thread 0x000001f98f197800 nmethod 6806 0x000001f98849e210 code [0x000001f98849e3e0, 0x000001f98849e6f8]
Event: 39.162 Thread 0x000001f98fae7840 6807       1       com.google.ortools.constraintsolver.RoutingIndexManager::indexToNode (10 bytes)
Event: 39.162 Thread 0x000001f98fae7840 nmethod 6807 0x000001f98849ec10 code [0x000001f98849eda0, 0x000001f98849ee88]
Event: 39.162 Thread 0x000001f98f197800 6809       1       com.example.routeplanner.service.OptimizeRouteService$$Lambda$1773/0x000001f991a12238::applyAsLong (14 bytes)
Event: 39.162 Thread 0x000001f98fae7840 6810       1       com.example.routeplanner.service.OptimizeRouteService::lambda$optimizeRoute$0 (23 bytes)
Event: 39.163 Thread 0x000001f98f197800 nmethod 6809 0x000001f98849ef10 code [0x000001f98849f0c0, 0x000001f98849f278]
Event: 39.163 Thread 0x000001f98fae7840 nmethod 6810 0x000001f98849f410 code [0x000001f98849f5c0, 0x000001f98849f738]

GC Heap History (20 events):
Event: 3.695 GC heap before
{Heap before GC invocations=6 (full 0):
 garbage-first heap   total 55296K, used 37586K [0x000000008a400000, 0x0000000100000000)
  region size 1024K, 22 young (22528K), 2 survivors (2048K)
 Metaspace       used 31180K, committed 31744K, reserved 1114112K
  class space    used 4339K, committed 4608K, reserved 1048576K
}
Event: 3.701 GC heap after
{Heap after GC invocations=7 (full 0):
 garbage-first heap   total 55296K, used 19242K [0x000000008a400000, 0x0000000100000000)
  region size 1024K, 2 young (2048K), 2 survivors (2048K)
 Metaspace       used 31180K, committed 31744K, reserved 1114112K
  class space    used 4339K, committed 4608K, reserved 1048576K
}
Event: 4.073 GC heap before
{Heap before GC invocations=7 (full 0):
 garbage-first heap   total 55296K, used 36650K [0x000000008a400000, 0x0000000100000000)
  region size 1024K, 20 young (20480K), 2 survivors (2048K)
 Metaspace       used 35492K, committed 35968K, reserved 1114112K
  class space    used 5078K, committed 5312K, reserved 1048576K
}
Event: 4.076 GC heap after
{Heap after GC invocations=8 (full 0):
 garbage-first heap   total 55296K, used 19924K [0x000000008a400000, 0x0000000100000000)
  region size 1024K, 2 young (2048K), 2 survivors (2048K)
 Metaspace       used 35492K, committed 35968K, reserved 1114112K
  class space    used 5078K, committed 5312K, reserved 1048576K
}
Event: 4.770 GC heap before
{Heap before GC invocations=9 (full 0):
 garbage-first heap   total 55296K, used 40404K [0x000000008a400000, 0x0000000100000000)
  region size 1024K, 23 young (23552K), 2 survivors (2048K)
 Metaspace       used 44306K, committed 44800K, reserved 1114112K
  class space    used 6189K, committed 6400K, reserved 1048576K
}
Event: 4.774 GC heap after
{Heap after GC invocations=10 (full 0):
 garbage-first heap   total 55296K, used 22404K [0x000000008a400000, 0x0000000100000000)
  region size 1024K, 3 young (3072K), 3 survivors (3072K)
 Metaspace       used 44306K, committed 44800K, reserved 1114112K
  class space    used 6189K, committed 6400K, reserved 1048576K
}
Event: 5.076 GC heap before
{Heap before GC invocations=10 (full 0):
 garbage-first heap   total 55296K, used 40836K [0x000000008a400000, 0x0000000100000000)
  region size 1024K, 22 young (22528K), 3 survivors (3072K)
 Metaspace       used 48025K, committed 48512K, reserved 1114112K
  class space    used 6678K, committed 6912K, reserved 1048576K
}
Event: 5.080 GC heap after
{Heap after GC invocations=11 (full 0):
 garbage-first heap   total 55296K, used 23582K [0x000000008a400000, 0x0000000100000000)
  region size 1024K, 2 young (2048K), 2 survivors (2048K)
 Metaspace       used 48025K, committed 48512K, reserved 1114112K
  class space    used 6678K, committed 6912K, reserved 1048576K
}
Event: 5.445 GC heap before
{Heap before GC invocations=11 (full 0):
 garbage-first heap   total 55296K, used 40990K [0x000000008a400000, 0x0000000100000000)
  region size 1024K, 20 young (20480K), 2 survivors (2048K)
 Metaspace       used 53241K, committed 53760K, reserved 1114112K
  class space    used 7573K, committed 7808K, reserved 1048576K
}
Event: 5.447 GC heap after
{Heap after GC invocations=12 (full 0):
 garbage-first heap   total 66560K, used 24214K [0x000000008a400000, 0x0000000100000000)
  region size 1024K, 2 young (2048K), 2 survivors (2048K)
 Metaspace       used 53241K, committed 53760K, reserved 1114112K
  class space    used 7573K, committed 7808K, reserved 1048576K
}
Event: 5.959 GC heap before
{Heap before GC invocations=12 (full 0):
 garbage-first heap   total 66560K, used 49814K [0x000000008a400000, 0x0000000100000000)
  region size 1024K, 28 young (28672K), 2 survivors (2048K)
 Metaspace       used 58709K, committed 59264K, reserved 1114112K
  class space    used 8328K, committed 8576K, reserved 1048576K
}
Event: 5.963 GC heap after
{Heap after GC invocations=13 (full 0):
 garbage-first heap   total 66560K, used 26032K [0x000000008a400000, 0x0000000100000000)
  region size 1024K, 4 young (4096K), 4 survivors (4096K)
 Metaspace       used 58709K, committed 59264K, reserved 1114112K
  class space    used 8328K, committed 8576K, reserved 1048576K
}
Event: 6.061 GC heap before
{Heap before GC invocations=13 (full 0):
 garbage-first heap   total 66560K, used 31152K [0x000000008a400000, 0x0000000100000000)
  region size 1024K, 11 young (11264K), 4 survivors (4096K)
 Metaspace       used 59648K, committed 60160K, reserved 1114112K
  class space    used 8473K, committed 8704K, reserved 1048576K
}
Event: 6.065 GC heap after
{Heap after GC invocations=14 (full 0):
 garbage-first heap   total 66560K, used 26803K [0x000000008a400000, 0x0000000100000000)
  region size 1024K, 3 young (3072K), 3 survivors (3072K)
 Metaspace       used 59648K, committed 60160K, reserved 1114112K
  class space    used 8473K, committed 8704K, reserved 1048576K
}
Event: 7.126 GC heap before
{Heap before GC invocations=15 (full 0):
 garbage-first heap   total 66560K, used 52403K [0x000000008a400000, 0x0000000100000000)
  region size 1024K, 28 young (28672K), 3 survivors (3072K)
 Metaspace       used 62654K, committed 63232K, reserved 1114112K
  class space    used 8954K, committed 9216K, reserved 1048576K
}
Event: 7.131 GC heap after
{Heap after GC invocations=16 (full 0):
 garbage-first heap   total 66560K, used 29414K [0x000000008a400000, 0x0000000100000000)
  region size 1024K, 4 young (4096K), 4 survivors (4096K)
 Metaspace       used 62654K, committed 63232K, reserved 1114112K
  class space    used 8954K, committed 9216K, reserved 1048576K
}
Event: 12.547 GC heap before
{Heap before GC invocations=16 (full 0):
 garbage-first heap   total 66560K, used 50918K [0x000000008a400000, 0x0000000100000000)
  region size 1024K, 26 young (26624K), 4 survivors (4096K)
 Metaspace       used 67298K, committed 67904K, reserved 1114112K
  class space    used 9621K, committed 9920K, reserved 1048576K
}
Event: 12.554 GC heap after
{Heap after GC invocations=17 (full 0):
 garbage-first heap   total 66560K, used 30938K [0x000000008a400000, 0x0000000100000000)
  region size 1024K, 2 young (2048K), 2 survivors (2048K)
 Metaspace       used 67298K, committed 67904K, reserved 1114112K
  class space    used 9621K, committed 9920K, reserved 1048576K
}
Event: 38.908 GC heap before
{Heap before GC invocations=17 (full 0):
 garbage-first heap   total 66560K, used 52442K [0x000000008a400000, 0x0000000100000000)
  region size 1024K, 23 young (23552K), 2 survivors (2048K)
 Metaspace       used 71463K, committed 72064K, reserved 1114112K
  class space    used 10202K, committed 10496K, reserved 1048576K
}
Event: 38.917 GC heap after
{Heap after GC invocations=18 (full 0):
 garbage-first heap   total 66560K, used 33130K [0x000000008a400000, 0x0000000100000000)
  region size 1024K, 3 young (3072K), 3 survivors (3072K)
 Metaspace       used 71463K, committed 72064K, reserved 1114112K
  class space    used 10202K, committed 10496K, reserved 1048576K
}

Deoptimization events (8 events):
Event: 2.901 Thread 0x000001f98fd11830 DEOPT PACKING pc=0x000001f987f548ec sp=0x000000229fdfc850
Event: 2.901 Thread 0x000001f98fd11830 DEOPT UNPACKING pc=0x000001f987842b43 sp=0x000000229fdfbd08 mode 0
Event: 5.944 Thread 0x000001f98fd11830 DEOPT PACKING pc=0x000001f987dd5624 sp=0x000000229fdfbc80
Event: 5.944 Thread 0x000001f98fd11830 DEOPT UNPACKING pc=0x000001f987842b43 sp=0x000000229fdfb1d8 mode 0
Event: 6.000 Thread 0x000001f98fd11830 DEOPT PACKING pc=0x000001f987dd021a sp=0x000000229fdfcaa0
Event: 6.000 Thread 0x000001f98fd11830 DEOPT UNPACKING pc=0x000001f987842b43 sp=0x000000229fdfbfa8 mode 3
Event: 38.610 Thread 0x000001f9d64d1680 DEOPT PACKING pc=0x000001f987d23f94 sp=0x00000022a18fabf0
Event: 38.610 Thread 0x000001f9d64d1680 DEOPT UNPACKING pc=0x000001f987842b43 sp=0x00000022a18fa0a0 mode 0

Classes unloaded (0 events):
No events

Classes redefined (0 events):
No events

Internal exceptions (20 events):
Event: 6.200 Thread 0x000001f98fd11830 Exception <a 'sun/nio/fs/WindowsException'{0x000000008df9f1c0}> (0x000000008df9f1c0) 
thrown [s\open\src\hotspot\share\prims\jni.cpp, line 516]
Event: 6.200 Thread 0x000001f98fd11830 Exception <a 'sun/nio/fs/WindowsException'{0x000000008df9f4f0}> (0x000000008df9f4f0) 
thrown [s\open\src\hotspot\share\prims\jni.cpp, line 516]
Event: 6.201 Thread 0x000001f98fd11830 Exception <a 'sun/nio/fs/WindowsException'{0x000000008dfa0b68}> (0x000000008dfa0b68) 
thrown [s\open\src\hotspot\share\prims\jni.cpp, line 516]
Event: 6.201 Thread 0x000001f98fd11830 Exception <a 'sun/nio/fs/WindowsException'{0x000000008dfa0ef8}> (0x000000008dfa0ef8) 
thrown [s\open\src\hotspot\share\prims\jni.cpp, line 516]
Event: 6.348 Thread 0x000001f98fded9b0 Exception <a 'java/lang/reflect/InvocationTargetException'{0x000000008de05af0}> (0x000000008de05af0) 
thrown [s\open\src\hotspot\share\runtime\reflection.cpp, line 1121]
Event: 6.857 Thread 0x000001f98fded9b0 Exception <a 'java/lang/reflect/InvocationTargetException'{0x000000008d2061b8}> (0x000000008d2061b8) 
thrown [s\open\src\hotspot\share\runtime\reflection.cpp, line 1121]
Event: 6.863 Thread 0x000001f98fd11830 Exception <a 'sun/nio/fs/WindowsException'{0x000000008d20e7f0}> (0x000000008d20e7f0) 
thrown [s\open\src\hotspot\share\prims\jni.cpp, line 516]
Event: 6.993 Thread 0x000001f98fd11830 Exception <a 'java/lang/IncompatibleClassChangeError'{0x000000008cf759f8}: Found class java.lang.Object, but interface was expected> (0x000000008cf759f8) 
thrown [s\open\src\hotspot\share\interpreter\linkResolver.cpp, line 826]
Event: 7.043 Thread 0x000001f98fd11830 Exception <a 'java/lang/NoSuchMethodError'{0x000000008cd444e0}: 'void java.lang.invoke.DirectMethodHandle$Holder.invokeVirtual(java.lang.Object, java.lang.Object, long)'> (0x000000008cd444e0) 
thrown [s\open\src\hotspot\share\interpreter\linkResolver.cpp, line 759]
Event: 7.144 Thread 0x000001f98fd11830 Exception <a 'java/lang/IncompatibleClassChangeError'{0x0000000091989758}: Found class java.lang.Object, but interface was expected> (0x0000000091989758) 
thrown [s\open\src\hotspot\share\interpreter\linkResolver.cpp, line 826]
Event: 7.241 Thread 0x000001f98fd11830 Exception <a 'java/lang/NoSuchMethodError'{0x000000008dff9038}: 'java.lang.Object java.lang.invoke.DirectMethodHandle$Holder.newInvokeSpecial(java.lang.Object, java.lang.Object, int, java.lang.Object, java.lang.Object)'> (0x000000008dff9038) 
thrown [s\open\src\hotspot\share\interpreter\linkResolver.cpp, line 759]
Event: 12.238 Thread 0x000001f9d64cd9c0 Exception <a 'java/lang/NoSuchMethodError'{0x000000008dae7b08}: 'java.lang.Object java.lang.invoke.DirectMethodHandle$Holder.invokeSpecial(java.lang.Object, java.lang.Object, java.lang.Object, java.lang.Object, java.lang.Object, long)'> (0x000000008dae7b08) 
thrown [s\open\src\hotspot\share\interpreter\linkResolver.cpp, line 759]
Event: 12.238 Thread 0x000001f9d64cd9c0 Exception <a 'java/lang/NoSuchMethodError'{0x000000008daeb548}: 'java.lang.Object java.lang.invoke.Invokers$Holder.linkToTargetMethod(java.lang.Object, java.lang.Object, java.lang.Object, long, java.lang.Object)'> (0x000000008daeb548) 
thrown [s\open\src\hotspot\share\interpreter\linkResolver.cpp, line 759]
Event: 12.418 Thread 0x000001f9d64cd9c0 Exception <a 'java/lang/NoSuchMethodError'{0x000000008d3b8388}: 'java.lang.Object java.lang.invoke.DirectMethodHandle$Holder.invokeInterface(java.lang.Object, java.lang.Object, java.lang.Object, java.lang.Object)'> (0x000000008d3b8388) 
thrown [s\open\src\hotspot\share\interpreter\linkResolver.cpp, line 759]
Event: 12.425 Thread 0x000001f9d64cd9c0 Exception <a 'java/lang/IncompatibleClassChangeError'{0x000000008d23dec8}: Found class java.lang.Object, but interface was expected> (0x000000008d23dec8) 
thrown [s\open\src\hotspot\share\interpreter\linkResolver.cpp, line 826]
Event: 12.523 Thread 0x000001f9d64cd9c0 Exception <a 'java/lang/IncompatibleClassChangeError'{0x000000008cf9bc40}: Found class java.lang.Object, but interface was expected> (0x000000008cf9bc40) 
thrown [s\open\src\hotspot\share\interpreter\linkResolver.cpp, line 826]
Event: 37.478 Thread 0x000001f9d64ce3e0 Exception <a 'java/lang/NoSuchMethodError'{0x000000008ddbc308}: 'void java.lang.invoke.DirectMethodHandle$Holder.invokeSpecialIFC(java.lang.Object, java.lang.Object, int, java.lang.Object, java.lang.Object, java.lang.Object, java.lang.Object)'> (0x000000008ddbc308) 
thrown [s\open\src\hotspot\share\interpreter\linkResolver.cpp, line 759]
Event: 37.478 Thread 0x000001f9d64d1680 Exception <a 'java/lang/NoSuchMethodError'{0x000000008ddc47e0}: 'void java.lang.invoke.DirectMethodHandle$Holder.invokeSpecialIFC(java.lang.Object, java.lang.Object, int, java.lang.Object, java.lang.Object, java.lang.Object, java.lang.Object)'> (0x000000008ddc47e0) 
thrown [s\open\src\hotspot\share\interpreter\linkResolver.cpp, line 759]
Event: 37.478 Thread 0x000001f9d64d1170 Exception <a 'java/lang/NoSuchMethodError'{0x000000008ddcc720}: 'void java.lang.invoke.DirectMethodHandle$Holder.invokeSpecialIFC(java.lang.Object, java.lang.Object, int, java.lang.Object, java.lang.Object, java.lang.Object, java.lang.Object)'> (0x000000008ddcc720) 
thrown [s\open\src\hotspot\share\interpreter\linkResolver.cpp, line 759]
Event: 37.518 Thread 0x000001f9d64d1170 Exception <a 'java/lang/NoSuchMethodError'{0x000000008db53520}: 'int java.lang.invoke.DirectMethodHandle$Holder.invokeStatic(java.lang.Object, java.lang.Object, int, int)'> (0x000000008db53520) 
thrown [s\open\src\hotspot\share\interpreter\linkResolver.cpp, line 759]

VM Operations (20 events):
Event: 12.593 Executing VM operation: HandshakeAllThreads
Event: 12.593 Executing VM operation: HandshakeAllThreads done
Event: 13.598 Executing VM operation: Cleanup
Event: 13.598 Executing VM operation: Cleanup done
Event: 37.435 Executing VM operation: HandshakeAllThreads
Event: 37.436 Executing VM operation: HandshakeAllThreads done
Event: 37.436 Executing VM operation: Cleanup
Event: 37.436 Executing VM operation: Cleanup done
Event: 37.456 Executing VM operation: HandshakeAllThreads
Event: 37.456 Executing VM operation: HandshakeAllThreads done
Event: 37.496 Executing VM operation: HandshakeAllThreads
Event: 37.496 Executing VM operation: HandshakeAllThreads done
Event: 38.352 Executing VM operation: HandshakeAllThreads
Event: 38.352 Executing VM operation: HandshakeAllThreads done
Event: 38.610 Executing VM operation: HandshakeAllThreads
Event: 38.610 Executing VM operation: HandshakeAllThreads done
Event: 38.610 Executing VM operation: Cleanup
Event: 38.610 Executing VM operation: Cleanup done
Event: 38.908 Executing VM operation: G1CollectForAllocation
Event: 38.917 Executing VM operation: G1CollectForAllocation done

Events (20 events):
Event: 38.861 loading class sun/net/www/http/Hurryable
Event: 38.861 loading class sun/net/www/http/Hurryable done
Event: 38.861 loading class sun/net/www/http/ChunkedInputStream done
Event: 38.861 loading class sun/net/www/protocol/http/HttpURLConnection$HttpInputStream
Event: 38.862 loading class sun/net/www/protocol/http/HttpURLConnection$HttpInputStream done
Event: 38.896 loading class java/io/OutputStream$1
Event: 38.896 loading class java/io/OutputStream$1 done
Event: 38.896 loading class sun/net/www/http/KeepAliveCache$1
Event: 38.897 loading class sun/net/www/http/KeepAliveCache$1 done
Event: 38.897 Thread 0x000001f9d64cca90 Thread added: 0x000001f9d64cca90
Event: 38.897 loading class sun/net/www/http/ClientVector
Event: 38.897 loading class sun/net/www/http/ClientVector done
Event: 38.897 loading class sun/net/www/http/KeepAliveEntry
Event: 38.897 loading class sun/net/www/http/KeepAliveEntry done
Event: 39.049 loading class java/util/function/LongBinaryOperator
Event: 39.049 loading class java/util/function/LongBinaryOperator done
Event: 39.149 loading class sun/misc/Unsafe
Event: 39.149 loading class sun/misc/Unsafe done
Event: 39.150 loading class jdk/internal/access/foreign/MemorySegmentProxy
Event: 39.150 loading class jdk/internal/access/foreign/MemorySegmentProxy done


Dynamic libraries:
0x00007ff645c90000 - 0x00007ff645ca0000 	C:\Program Files\Java\jdk-17\bin\java.exe
0x00007ff9edb10000 - 0x00007ff9edd05000 	C:\Windows\SYSTEM32\ntdll.dll
0x00007ff9eda10000 - 0x00007ff9edacd000 	C:\Windows\System32\KERNEL32.DLL
0x00007ff9eb7f0000 - 0x00007ff9ebab8000 	C:\Windows\System32\KERNELBASE.dll
0x00007ff9eb4f0000 - 0x00007ff9eb5f0000 	C:\Windows\System32\ucrtbase.dll
0x00007ff9ddf20000 - 0x00007ff9ddf3b000 	C:\Program Files\Java\jdk-17\bin\VCRUNTIME140.dll
0x00007ff9ddf00000 - 0x00007ff9ddf19000 	C:\Program Files\Java\jdk-17\bin\jli.dll
0x00007ff9eca50000 - 0x00007ff9ecafc000 	C:\Windows\System32\ADVAPI32.dll
0x00007ff9ed710000 - 0x00007ff9ed7ae000 	C:\Windows\System32\msvcrt.dll
0x00007ff9ed820000 - 0x00007ff9ed8bb000 	C:\Windows\System32\sechost.dll
0x00007ff9ed580000 - 0x00007ff9ed6ab000 	C:\Windows\System32\RPCRT4.dll
0x00007ff9ecbf0000 - 0x00007ff9ecd90000 	C:\Windows\System32\USER32.dll
0x00007ff9eb250000 - 0x00007ff9eb272000 	C:\Windows\System32\win32u.dll
0x00007ff9ed8c0000 - 0x00007ff9ed8ea000 	C:\Windows\System32\GDI32.dll
0x00007ff9eb6e0000 - 0x00007ff9eb7eb000 	C:\Windows\System32\gdi32full.dll
0x00007ff9cef50000 - 0x00007ff9cf1ea000 	C:\Windows\WinSxS\amd64_microsoft.windows.common-controls_6595b64144ccf1df_6.0.19041.844_none_ca00b6081b84eb1d\COMCTL32.dll
0x00007ff9eb5f0000 - 0x00007ff9eb68d000 	C:\Windows\System32\msvcp_win.dll
0x00007ff9e3e70000 - 0x00007ff9e3e7a000 	C:\Windows\SYSTEM32\VERSION.dll
0x00007ff9ecd90000 - 0x00007ff9ecdc0000 	C:\Windows\System32\IMM32.DLL
0x00007ff9e6c80000 - 0x00007ff9e6c8c000 	C:\Program Files\Java\jdk-17\bin\vcruntime140_1.dll
0x00007ff9dde70000 - 0x00007ff9ddefe000 	C:\Program Files\Java\jdk-17\bin\msvcp140.dll
0x00007ff9dbe90000 - 0x00007ff9dca70000 	C:\Program Files\Java\jdk-17\bin\server\jvm.dll
0x00007ff9ecbe0000 - 0x00007ff9ecbe8000 	C:\Windows\System32\PSAPI.DLL
0x00007ff9e31e0000 - 0x00007ff9e3207000 	C:\Windows\SYSTEM32\WINMM.dll
0x00007ff9ca4c0000 - 0x00007ff9ca4c9000 	C:\Windows\SYSTEM32\WSOCK32.dll
0x00007ff9ecdc0000 - 0x00007ff9ece2b000 	C:\Windows\System32\WS2_32.dll
0x00007ff9e9170000 - 0x00007ff9e9182000 	C:\Windows\SYSTEM32\kernel.appcore.dll
0x00007ff9e6140000 - 0x00007ff9e614a000 	C:\Program Files\Java\jdk-17\bin\jimage.dll
0x00007ff9e1d20000 - 0x00007ff9e1f04000 	C:\Windows\SYSTEM32\DBGHELP.DLL
0x00007ff9d6670000 - 0x00007ff9d669c000 	C:\Windows\SYSTEM32\dbgcore.DLL
0x00007ff9ebac0000 - 0x00007ff9ebb40000 	C:\Windows\System32\bcryptPrimitives.dll
0x00007ff9ddc60000 - 0x00007ff9ddc6e000 	C:\Program Files\Java\jdk-17\bin\instrument.dll
0x00007ff9ddc30000 - 0x00007ff9ddc55000 	C:\Program Files\Java\jdk-17\bin\java.dll
0x00007ff9dcf80000 - 0x00007ff9dd057000 	C:\Program Files\Java\jdk-17\bin\jsvml.dll
0x00007ff9ece30000 - 0x00007ff9ed572000 	C:\Windows\System32\SHELL32.dll
0x00007ff9e9390000 - 0x00007ff9e9b21000 	C:\Windows\SYSTEM32\windows.storage.dll
0x00007ff9ebea0000 - 0x00007ff9ec1f5000 	C:\Windows\System32\combase.dll
0x00007ff9eacc0000 - 0x00007ff9eacec000 	C:\Windows\SYSTEM32\Wldp.dll
0x00007ff9ebb70000 - 0x00007ff9ebc1e000 	C:\Windows\System32\SHCORE.dll
0x00007ff9ed7b0000 - 0x00007ff9ed805000 	C:\Windows\System32\shlwapi.dll
0x00007ff9eb190000 - 0x00007ff9eb1af000 	C:\Windows\SYSTEM32\profapi.dll
0x00007ff9dd840000 - 0x00007ff9dd858000 	C:\Program Files\Java\jdk-17\bin\zip.dll
0x00007ff9ddc10000 - 0x00007ff9ddc29000 	C:\Program Files\Java\jdk-17\bin\net.dll
0x00007ff9e68c0000 - 0x00007ff9e69cb000 	C:\Windows\SYSTEM32\WINHTTP.dll
0x00007ff9ea9c0000 - 0x00007ff9eaa2a000 	C:\Windows\system32\mswsock.dll
0x00007ff9ddbf0000 - 0x00007ff9ddc06000 	C:\Program Files\Java\jdk-17\bin\nio.dll
0x00007ff9dcf60000 - 0x00007ff9dcf7a000 	D:\IntelliJ IDEA 2024.2.4\bin\breakgen64.dll
0x00007ff9ea6f0000 - 0x00007ff9ea7bc000 	C:\Windows\SYSTEM32\DNSAPI.dll
0x00007ff9ea6b0000 - 0x00007ff9ea6eb000 	C:\Windows\SYSTEM32\IPHLPAPI.DLL
0x00007ff9ed810000 - 0x00007ff9ed818000 	C:\Windows\System32\NSI.dll
0x0000000063560000 - 0x0000000063569000 	C:\Program Files\National Instruments\Shared\mDNS Responder\nimdnsNSP.dll
0x0000000072f70000 - 0x0000000073013000 	C:\Windows\WinSxS\amd64_microsoft.vc90.crt_1fc8b3b9a1e18e3b_9.0.30729.9625_none_08e1c10da83fbc83\MSVCR90.dll
0x0000000063550000 - 0x000000006355e000 	C:\Windows\SYSTEM32\nimdnsResponder.dll
0x00007ff9e4100000 - 0x00007ff9e410a000 	C:\Windows\System32\rasadhlp.dll
0x00007ff9e1c30000 - 0x00007ff9e1caf000 	C:\Windows\System32\fwpuclnt.dll
0x00007ff9ebb40000 - 0x00007ff9ebb67000 	C:\Windows\System32\bcrypt.dll
0x00007ff9ddbe0000 - 0x00007ff9ddbea000 	C:\Program Files\Java\jdk-17\bin\management.dll
0x00007ff9dd830000 - 0x00007ff9dd83b000 	C:\Program Files\Java\jdk-17\bin\management_ext.dll
0x00007ff9eab90000 - 0x00007ff9eaba8000 	C:\Windows\SYSTEM32\CRYPTSP.dll
0x00007ff9ea360000 - 0x00007ff9ea394000 	C:\Windows\system32\rsaenh.dll
0x00007ff9eb150000 - 0x00007ff9eb17e000 	C:\Windows\SYSTEM32\USERENV.dll
0x00007ff9eabb0000 - 0x00007ff9eabbc000 	C:\Windows\SYSTEM32\CRYPTBASE.dll
0x00007ff9e4ae0000 - 0x00007ff9e4af7000 	C:\Windows\SYSTEM32\dhcpcsvc6.DLL
0x00007ff9e5430000 - 0x00007ff9e544d000 	C:\Windows\SYSTEM32\dhcpcsvc.DLL
0x00007ff9cc5f0000 - 0x00007ff9cc607000 	C:\Windows\system32\napinsp.dll
0x00007ff9cc5d0000 - 0x00007ff9cc5eb000 	C:\Windows\system32\pnrpnsp.dll
0x00007ff9cc6e0000 - 0x00007ff9cc6f5000 	C:\Windows\system32\wshbth.dll
0x00007ff9e6c20000 - 0x00007ff9e6c3d000 	C:\Windows\system32\NLAapi.dll
0x00007ff9cc570000 - 0x00007ff9cc582000 	C:\Windows\System32\winrnr.dll
0x00007ff9dd710000 - 0x00007ff9dd71e000 	C:\Program Files\Java\jdk-17\bin\sunmscapi.dll
0x00007ff9eb280000 - 0x00007ff9eb3df000 	C:\Windows\System32\CRYPT32.dll
0x00007ff9ead30000 - 0x00007ff9ead57000 	C:\Windows\SYSTEM32\ncrypt.dll
0x00007ff9eacf0000 - 0x00007ff9ead2b000 	C:\Windows\SYSTEM32\NTASN1.dll
0x00007ff9dcf50000 - 0x00007ff9dcf60000 	C:\Program Files\Java\jdk-17\bin\verify.dll
0x00007ff9b2270000 - 0x00007ff9b3b45000 	C:\Users\Admin\AppData\Local\Temp\ortools-java8545022328227299778\ortools-win32-x86-64\jniortools.dll
0x00007ff989170000 - 0x00007ff989177000 	C:\Windows\system32\wshunix.dll

dbghelp: loaded successfully - version: 4.0.5 - missing functions: none
symbol engine: initialized successfully - sym options: 0x614 - pdb path: .;C:\Program Files\Java\jdk-17\bin;C:\Windows\SYSTEM32;C:\Windows\WinSxS\amd64_microsoft.windows.common-controls_6595b64144ccf1df_6.0.19041.844_none_ca00b6081b84eb1d;C:\Program Files\Java\jdk-17\bin\server;D:\IntelliJ IDEA 2024.2.4\bin;C:\Program Files\National Instruments\Shared\mDNS Responder;C:\Windows\WinSxS\amd64_microsoft.vc90.crt_1fc8b3b9a1e18e3b_9.0.30729.9625_none_08e1c10da83fbc83;C:\Users\Admin\AppData\Local\Temp\ortools-java8545022328227299778\ortools-win32-x86-64

VM Arguments:
jvm_args: -XX:TieredStopAtLevel=1 -Dspring.output.ansi.enabled=always -Dcom.sun.management.jmxremote -Dspring.jmx.enabled=true -Dspring.liveBeansView.mbeanDomain -Dspring.application.admin.enabled=true -Dmanagement.endpoints.jmx.exposure.include=* -javaagent:D:\IntelliJ IDEA 2024.2.4\lib\idea_rt.jar=51592:D:\IntelliJ IDEA 2024.2.4\bin -Dfile.encoding=UTF-8 
java_command: com.example.routeplanner.RouteplannerApplication
java_class_path (initial): D:\IdeaProjects\routeplanner\target\classes;C:\Users\Admin\.m2\repository\org\springframework\boot\spring-boot-starter-data-jpa\3.3.4\spring-boot-starter-data-jpa-3.3.4.jar;C:\Users\Admin\.m2\repository\org\springframework\boot\spring-boot-starter-aop\3.3.4\spring-boot-starter-aop-3.3.4.jar;C:\Users\Admin\.m2\repository\org\springframework\spring-aop\6.1.13\spring-aop-6.1.13.jar;C:\Users\Admin\.m2\repository\org\aspectj\aspectjweaver\1.9.22.1\aspectjweaver-1.9.22.1.jar;C:\Users\Admin\.m2\repository\org\springframework\boot\spring-boot-starter-jdbc\3.3.4\spring-boot-starter-jdbc-3.3.4.jar;C:\Users\Admin\.m2\repository\com\zaxxer\HikariCP\5.1.0\HikariCP-5.1.0.jar;C:\Users\Admin\.m2\repository\org\springframework\spring-jdbc\6.1.13\spring-jdbc-6.1.13.jar;C:\Users\Admin\.m2\repository\org\hibernate\orm\hibernate-core\6.5.3.Final\hibernate-core-6.5.3.Final.jar;C:\Users\Admin\.m2\repository\jakarta\persistence\jakarta.persistence-api\3.1.0\jakarta.persistence-api-3.1.0.jar;C:\Users\Admin\.m2\repository\jakarta\transaction\jakarta.transaction-api\2.0.1\jakarta.transaction-api-2.0.1.jar;C:\Users\Admin\.m2\repository\org\jboss\logging\jboss-logging\3.5.3.Final\jboss-logging-3.5.3.Final.jar;C:\Users\Admin\.m2\repository\org\hibernate\common\hibernate-commons-annotations\6.0.6.Final\hibernate-commons-annotations-6.0.6.Final.jar;C:\Users\Admin\.m2\repository\io\smallrye\jandex\3.1.2\jandex-3.1.2.jar;C:\Users\Admin\.m2\repository\com\fasterxml\classmate\1.7.0\classmate-1.7.0.jar;C:\Users\Admin\.m2\repository\net\bytebuddy\byte-buddy\1.14.19\byte-buddy-1.14.19.jar;C:\Users\Admin\.m2\repository\org\glassfish\jaxb\jaxb-runtime\4.0.5\jaxb-runtime-4.0.5.jar;C:\Users\Admin\.m2\repository\org\glassfish\jaxb\jaxb-core\4.0.5\jaxb-core-4.0.5.jar;C:\Users\Admin\.m2\repository\org\eclipse\angus\angus-activation\2.0.2\angus-activation-2.0.2.jar;C:\Users\Admin\.m2\repository\org\glassfish\jaxb\txw2\4.0.5\txw2-4.0.5.jar;C:\Users\Admin\.m2\repository\com\sun\istack\
Launcher Type: SUN_STANDARD

[Global flags]
     intx CICompilerCount                          = 4                                         {product} {ergonomic}
     uint ConcGCThreads                            = 3                                         {product} {ergonomic}
     uint G1ConcRefinementThreads                  = 10                                        {product} {ergonomic}
   size_t G1HeapRegionSize                         = 1048576                                   {product} {ergonomic}
    uintx GCDrainStackTargetSize                   = 64                                        {product} {ergonomic}
   size_t InitialHeapSize                          = 123731968                                 {product} {ergonomic}
     bool ManagementServer                         = true                                      {product} {command line}
   size_t MarkStackSize                            = 4194304                                   {product} {ergonomic}
   size_t MaxHeapSize                              = 1975517184                                {product} {ergonomic}
   size_t MaxNewSize                               = 1184890880                                {product} {ergonomic}
   size_t MinHeapDeltaBytes                        = 1048576                                   {product} {ergonomic}
   size_t MinHeapSize                              = 8388608                                   {product} {ergonomic}
    uintx NonProfiledCodeHeapSize                  = 0                                      {pd product} {ergonomic}
     bool ProfileInterpreter                       = false                                  {pd product} {command line}
    uintx ProfiledCodeHeapSize                     = 0                                      {pd product} {ergonomic}
   size_t SoftMaxHeapSize                          = 1975517184                             {manageable} {ergonomic}
     intx TieredStopAtLevel                        = 1                                         {product} {command line}
     bool UseCompressedClassPointers               = true                           {product lp64_product} {ergonomic}
     bool UseCompressedOops                        = true                           {product lp64_product} {ergonomic}
     bool UseG1GC                                  = true                                      {product} {ergonomic}
     bool UseLargePagesIndividualAllocation        = false                                  {pd product} {ergonomic}

Logging:
Log output configuration:
 #0: stdout all=warning uptime,level,tags
 #1: stderr all=off uptime,level,tags

Environment Variables:
PATH=C:\Program Files\Common Files\Oracle\Java\javapath;C:\Windows\system32;C:\Windows;C:\Windows\System32\Wbem;C:\Windows\System32\WindowsPowerShell\v1.0\;C:\Windows\System32\OpenSSH\;C:\Program Files\dotnet\;C:\xampp\php;C:\Program Files\nodejs\;C:\composer;C:\Program Files\Git\cmd;C:\Users\Admin\AppData\Local\Microsoft\WindowsApps;C:\msys64\mingw64\bin;C:\Users\Admin\AppData\Local\Programs\Microsoft VS Code\bin;C:\Users\Admin\AppData\Roaming\npm;C:\Program Files\JetBrains\IntelliJ IDEA Community Edition 2023.3.4\bin;;D:\IntelliJ IDEA 2024.2.4\bin;
USERNAME=Admin
OS=Windows_NT
PROCESSOR_IDENTIFIER=AMD64 Family 23 Model 104 Stepping 1, AuthenticAMD



---------------  S Y S T E M  ---------------

OS:
 Windows 10 , 64 bit Build 19041 (10.0.19041.928)
OS uptime: 0 days 0:49 hours

CPU: total 12 (initial active 12) (12 cores per cpu, 2 threads per core) family 23 model 104 stepping 1 microcode 0x0, cx8, cmov, fxsr, ht, mmx, 3dnowpref, sse, sse2, sse3, ssse3, sse4a, sse4.1, sse4.2, popcnt, lzcnt, tsc, tscinvbit, avx, avx2, aes, clmul, bmi1, bmi2, adx, sha, fma, vzeroupper, clflush, clflushopt

Memory: 4k page, system-wide physical 7528M (388M free)
TotalPageFile size 19304M (AvailPageFile size 5150M)
current process WorkingSet (physical memory assigned to process): 231M, peak: 231M
current process commit charge ("private bytes"): 274M, peak: 274M

vm_info: Java HotSpot(TM) 64-Bit Server VM (17.0.12+8-LTS-286) for windows-amd64 JRE (17.0.12+8-LTS-286), built on Jun  5 2024 06:46:59 by "mach5one" with MS VC++ 17.6 (VS2022)

END.
